connected to MONGO!.
SERVER: IOT 103.16.69.226:60075 connected.
SERVER: Sending 'send' to client to send the data
ttkId10,tn,hosur,p1,l1,m1,op1,d1,temp,1
ttkId10,tn,hosur,p1,l1,m1,op1,d1,temp,2
ttkId10,tn,hosur,p1,l1,m1,op1,d1,temp,3
ttkId10,tn,hosur,p1,l1,m1,op1,d1,temp,4
ttkId10,tn,hosur,p1,l1,m1,op1,d1,temp,5
ttkId10,tn,hosur,p1,l1,m1,op1,d1,temp,6
ttkId10,tn,hosur,p1,l1,m1,op1,d1,temp,7
ttkId10,tn,hosur,p1,l1,m1,op1,d1,temp,8
ttkId10,tn,hosur,p1,l1,m1,op1,d1,temp,9
ttkId10,tn,hosur,p1,l1,m1,op1,d1,temp,10
ttkId10,tn,hosur,p1,l1,m1,op1,d1,temp,11
ttkId10,tn,hosur,p1,l1,m1,op1,d1,temp,12
ttkId10,tn,hosur,p1,l1,m1,op1,d1,temp,13
ttkId10,tn,hosur,p1,l1,m1,op1,d1,temp,14
ttkId10,tn,hosur,p1,l1,m1,op1,d1,temp,15
ttkId10,tn,hosur,p1,l1,m1,op1,d1,temp,16
ttkId10,tn,hosur,p1,l1,m1,op1,d1,temp,17
ttkId10,tn,hosur,p1,l1,m1,op1,d1,temp,18
ttkId10,tn,hosur,p1,l1,m1,op1,d1,temp,19
ttkId10,tn,hosur,p1,l1,m1,op1,d1,temp,20
ttkId10,tn,hosur,p1,l1,m1,op1,d1,temp,21
ttkId10,tn,hosur,p1,l1,m1,op1,d1,temp,22
ttkId10,tn,hosur,p1,l1,m1,op1,d1,temp,23
ttkId10,tn,hosur,p1,l1,m1,op1,d1,temp,24
ttkId10,tn,hosur,p1,l1,m1,op1,d1,temp,25
ttkId10,tn,hosur,p1,l1,m1,op1,d1,temp,26
ttkId10,tn,hosur,p1,l1,m1,op1,d1,temp,27
ttkId10,tn,hosur,p1,l1,m1,op1,d1,temp,28
ttkId10,tn,hosur,p1,l1,m1,op1,d1,temp,29
ttkId10,tn,hosur,p1,l1,m1,op1,d1,temp,30
ttkId10,tn,hosur,p1,l1,m1,op1,d1,temp,31
ttkId10,tn,hosur,p1,l1,m1,op1,d1,temp,32
ttkId10,tn,hosur,p1,l1,m1,op1,d1,temp,33
ttkId10,tn,hosur,p1,l1,m1,op1,d1,temp,34
ttkId10,tn,hosur,p1,l1,m1,op1,d1,temp,35
ttkId10,tn,hosur,p1,l1,m1,op1,d1,temp,36
ttkId10,tn,hosur,p1,l1,m1,op1,d1,temp,37
ttkId10,tn,hosur,p1,l1,m1,op1,d1,temp,38
ttkId10,tn,hosur,p1,l1,m1,op1,d1,temp,39
ttkId10,tn,hosur,p1,l1,m1,op1,d1,temp,40
ttkId10,tn,hosur,p1,l1,m1,op1,d1,temp,41
ttkId10,tn,hosur,p1,l1,m1,op1,d1,temp,42
ttkId10,tn,hosur,p1,l1,m1,op1,d1,temp,43
ttkId10,tn,hosur,p1,l1,m1,op1,d1,temp,44
ttkId10,tn,hosur,p1,l1,m1,op1,d1,temp,45
ttkId10,tn,hosur,p1,l1,m1,op1,d1,temp,46
ttkId10,tn,hosur,p1,l1,m1,op1,d1,temp,47
ttkId10,tn,hosur,p1,l1,m1,op1,d1,temp,48
ttkId10,tn,hosur,p1,l1,m1,op1,d1,temp,49
ttkId10,tn,hosur,p1,l1,m1,op1,d1,temp,50
ttkId10,tn,hosur,p1,l1,m1,op1,d1,temp,51
ttkId10,tn,hosur,p1,l1,m1,op1,d1,temp,52
ttkId10,tn,hosur,p1,l1,m1,op1,d1,temp,53
ttkId10,tn,hosur,p1,l1,m1,op1,d1,temp,54
ttkId10,tn,hosur,p1,l1,m1,op1,d1,temp,55
ttkId10,tn,hosur,p1,l1,m1,op1,d1,temp,56
ttkId10,tn,hosur,p1,l1,m1,op1,d1,temp,57
ttkId10,tn,hosur,p1,l1,m1,op1,d1,temp,58
ttkId10,tn,hosur,p1,l1,m1,op1,d1,temp,59
ttkId10,tn,hosur,p1,l1,m1,op1,d1,temp,60
ttkId10,tn,hosur,p1,l1,m1,op1,d1,temp,61
ttkId10,tn,hosur,p1,l1,m1,op1,d1,temp,62
ttkId10,tn,hosur,p1,l1,m1,op1,d1,temp,63
ttkId10,tn,hosur,p1,l1,m1,op1,d1,temp,64
ttkId10,tn,hosur,p1,l1,m1,op1,d1,temp,65
ttkId10,tn,hosur,p1,l1,m1,op1,d1,temp,66
ttkId10,tn,hosur,p1,l1,m1,op1,d1,temp,67
ttkId10,tn,hosur,p1,l1,m1,op1,d1,temp,68
ttkId10,tn,hosur,p1,l1,m1,op1,d1,temp,69
ttkId10,tn,hosur,p1,l1,m1,op1,d1,temp,70
ttkId10,tn,hosur,p1,l1,m1,op1,d1,temp,71
ttkId10,tn,hosur,p1,l1,m1,op1,d1,temp,72
ttkId10,tn,hosur,p1,l1,m1,op1,d1,temp,73
ttkId10,tn,hosur,p1,l1,m1,op1,d1,temp,74
ttkId10,tn,hosur,p1,l1,m1,op1,d1,temp,75
ttkId10,tn,hosur,p1,l1,m1,op1,d1,temp,76
ttkId10,tn,hosur,p1,l1,m1,op1,d1,temp,77
ttkId10,tn,hosur,p1,l1,m1,op1,d1,temp,78
ttkId10,tn,hosur,p1,l1,m1,op1,d1,temp,79
ttkId10,tn,hosur,p1,l1,m1,op1,d1,temp,80
ttkId10,tn,hosur,p1,l1,m1,op1,d1,temp,81
ttkId10,tn,hosur,p1,l1,m1,op1,d1,temp,82
ttkId10,tn,hosur,p1,l1,m1,op1,d1,temp,83
ttkId10,tn,hosur,p1,l1,m1,op1,d1,temp,84
ttkId10,tn,hosur,p1,l1,m1,op1,d1,temp,85
ttkId10,tn,hosur,p1,l1,m1,op1,d1,temp,86
ttkId10,tn,hosur,p1,l1,m1,op1,d1,temp,87
ttkId10,tn,hosur,p1,l1,m1,op1,d1,temp,88
ttkId10,tn,hosur,p1,l1,m1,op1,d1,temp,89
ttkId10,tn,hosur,p1,l1,m1,op1,d1,temp,90
ttkId10,tn,hosur,p1,l1,m1,op1,d1,temp,91
ttkId10,tn,hosur,p1,l1,m1,op1,d1,temp,92
ttkId10,tn,hosur,p1,l1,m1,op1,d1,temp,93
ttkId10,tn,hosur,p1,l1,m1,op1,d1,temp,94
ttkId10,tn,hosur,p1,l1,m1,op1,d1,temp,95
ttkId10,tn,hosur,p1,l1,m1,op1,d1,temp,96
ttkId10,tn,hosur,p1,l1,m1,op1,d1,temp,97
ttkId10,tn,hosur,p1,l1,m1,op1,d1,temp,98
ttkId10,tn,hosur,p1,l1,m1,op1,d1,temp,99
ttkId10,tn,hosur,p1,l1,m1,op1,d1,temp,100
ttkId10,tn,hosur,p1,l1,m1,op1,d1,temp,101
ttkId10,tn,hosur,p1,l1,m1,op1,d1,temp,102
ttkId10,tn,hosur,p1,l1,m1,op1,d1,temp,103
ttkId10,tn,hosur,p1,l1,m1,op1,d1,temp,104
ttkId10,tn,hosur,p1,l1,m1,op1,d1,temp,105
ttkId10,tn,hosur,p1,l1,m1,op1,d1,temp,106
ttkId10,tn,hosur,p1,l1,m1,op1,d1,temp,107
ttkId10,tn,hosur,p1,l1,m1,op1,d1,temp,108
ttkId10,tn,hosur,p1,l1,m1,op1,d1,temp,109
ttkId10,tn,hosur,p1,l1,m1,op1,d1,temp,110
ttkId10,tn,hosur,p1,l1,m1,op1,d1,temp,111
ttkId10,tn,hosur,p1,l1,m1,op1,d1,temp,112
ttkId10,tn,hosur,p1,l1,m1,op1,d1,temp,113
ttkId10,tn,hosur,p1,l1,m1,op1,d1,temp,114
ttkId10,tn,hosur,p1,l1,m1,op1,d1,temp,115
ttkId10,tn,hosur,p1,l1,m1,op1,d1,temp,116
ttkId10,tn,hosur,p1,l1,m1,op1,d1,temp,117
ttkId10,tn,hosur,p1,l1,m1,op1,d1,temp,118
ttkId10,tn,hosur,p1,l1,m1,op1,d1,temp,119
ttkId10,tn,hosur,p1,l1,m1,op1,d1,temp,120
ttkId10,tn,hosur,p1,l1,m1,op1,d1,temp,121
ttkId10,tn,hosur,p1,l1,m1,op1,d1,temp,122
ttkId10,tn,hosur,p1,l1,m1,op1,d1,temp,123
ttkId10,tn,hosur,p1,l1,m1,op1,d1,temp,124
ttkId10,tn,hosur,p1,l1,m1,op1,d1,temp,125
ttkId10,tn,hosur,p1,l1,m1,op1,d1,temp,126
ttkId10,tn,hosur,p1,l1,m1,op1,d1,temp,127
ttkId10,tn,hosur,p1,l1,m1,op1,d1,temp,128
ttkId10,tn,hosur,p1,l1,m1,op1,d1,temp,129
ttkId10,tn,hosur,p1,l1,m1,op1,d1,temp,130
ttkId10,tn,hosur,p1,l1,m1,op1,d1,temp,131
ttkId10,tn,hosur,p1,l1,m1,op1,d1,temp,132
ttkId10,tn,hosur,p1,l1,m1,op1,d1,temp,133
ttkId10,tn,hosur,p1,l1,m1,op1,d1,temp,134
ttkId10,tn,hosur,p1,l1,m1,op1,d1,temp,135
ttkId10,tn,hosur,p1,l1,m1,op1,d1,temp,136
ttkId10,tn,hosur,p1,l1,m1,op1,d1,temp,137
ttkId10,tn,hosur,p1,l1,m1,op1,d1,temp,138
ttkId10,tn,hosur,p1,l1,m1,op1,d1,temp,139
ttkId10,tn,hosur,p1,l1,m1,op1,d1,temp,140
ttkId10,tn,hosur,p1,l1,m1,op1,d1,temp,141
ttkId10,tn,hosur,p1,l1,m1,op1,d1,temp,142
ttkId10,tn,hosur,p1,l1,m1,op1,d1,temp,143
ttkId10,tn,hosur,p1,l1,m1,op1,d1,temp,144
ttkId10,tn,hosur,p1,l1,m1,op1,d1,temp,145
ttkId10,tn,hosur,p1,l1,m1,op1,d1,temp,146
ttkId10,tn,hosur,p1,l1,m1,op1,d1,temp,147
ttkId10,tn,hosur,p1,l1,m1,op1,d1,temp,148
ttkId10,tn,hosur,p1,l1,m1,op1,d1,temp,149
ttkId10,tn,hosur,p1,l1,m1,op1,d1,temp,150
ttkId10,tn,hosur,p1,l1,m1,op1,d1,temp,151
ttkId10,tn,hosur,p1,l1,m1,op1,d1,temp,152
ttkId10,tn,hosur,p1,l1,m1,op1,d1,temp,153
ttkId10,tn,hosur,p1,l1,m1,op1,d1,temp,154
ttkId10,tn,hosur,p1,l1,m1,op1,d1,temp,155
ttkId10,tn,hosur,p1,l1,m1,op1,d1,temp,156
ttkId10,tn,hosur,p1,l1,m1,op1,d1,temp,157
ttkId10,tn,hosur,p1,l1,m1,op1,d1,temp,158
ttkId10,tn,hosur,p1,l1,m1,op1,d1,temp,159
ttkId10,tn,hosur,p1,l1,m1,op1,d1,temp,160
ttkId10,tn,hosur,p1,l1,m1,op1,d1,temp,161
ttkId10,tn,hosur,p1,l1,m1,op1,d1,temp,162
ttkId10,tn,hosur,p1,l1,m1,op1,d1,temp,163
ttkId10,tn,hosur,p1,l1,m1,op1,d1,temp,164
ttkId10,tn,hosur,p1,l1,m1,op1,d1,temp,165
ttkId10,tn,hosur,p1,l1,m1,op1,d1,temp,166
ttkId10,tn,hosur,p1,l1,m1,op1,d1,temp,167
ttkId10,tn,hosur,p1,l1,m1,op1,d1,temp,168
ttkId10,tn,hosur,p1,l1,m1,op1,d1,temp,169
ttkId10,tn,hosur,p1,l1,m1,op1,d1,temp,170
ttkId10,tn,hosur,p1,l1,m1,op1,d1,temp,171
ttkId10,tn,hosur,p1,l1,m1,op1,d1,temp,172
ttkId10,tn,hosur,p1,l1,m1,op1,d1,temp,173
ttkId10,tn,hosur,p1,l1,m1,op1,d1,temp,174
ttkId10,tn,hosur,p1,l1,m1,op1,d1,temp,175
ttkId10,tn,hosur,p1,l1,m1,op1,d1,temp,176
ttkId10,tn,hosur,p1,l1,m1,op1,d1,temp,177
ttkId10,tn,hosur,p1,l1,m1,op1,d1,temp,178
ttkId10,tn,hosur,p1,l1,m1,op1,d1,temp,179
ttkId10,tn,hosur,p1,l1,m1,op1,d1,temp,180
ttkId10,tn,hosur,p1,l1,m1,op1,d1,temp,181
ttkId10,tn,hosur,p1,l1,m1,op1,d1,temp,182
ttkId10,tn,hosur,p1,l1,m1,op1,d1,temp,183
ttkId10,tn,hosur,p1,l1,m1,op1,d1,temp,184
ttkId10,tn,hosur,p1,l1,m1,op1,d1,temp,185
ttkId10,tn,hosur,p1,l1,m1,op1,d1,temp,186
ttkId10,tn,hosur,p1,l1,m1,op1,d1,temp,187
ttkId10,tn,hosur,p1,l1,m1,op1,d1,temp,188
ttkId10,tn,hosur,p1,l1,m1,op1,d1,temp,189
ttkId10,tn,hosur,p1,l1,m1,op1,d1,temp,190
ttkId10,tn,hosur,p1,l1,m1,op1,d1,temp,191
ttkId10,tn,hosur,p1,l1,m1,op1,d1,temp,192
ttkId10,tn,hosur,p1,l1,m1,op1,d1,temp,193
ttkId10,tn,hosur,p1,l1,m1,op1,d1,temp,194
ttkId10,tn,hosur,p1,l1,m1,op1,d1,temp,195
ttkId10,tn,hosur,p1,l1,m1,op1,d1,temp,196
ttkId10,tn,hosur,p1,l1,m1,op1,d1,temp,197
ttkId10,tn,hosur,p1,l1,m1,op1,d1,temp,198
ttkId10,tn,hosur,p1,l1,m1,op1,d1,temp,199
ttkId10,tn,hosur,p1,l1,m1,op1,d1,temp,200
ttkId10,tn,hosur,p1,l1,m1,op1,d1,temp,201
ttkId10,tn,hosur,p1,l1,m1,op1,d1,temp,202
ttkId10,tn,hosur,p1,l1,m1,op1,d1,temp,203
ttkId10,tn,hosur,p1,l1,m1,op1,d1,temp,204
ttkId10,tn,hosur,p1,l1,m1,op1,d1,temp,205
ttkId10,tn,hosur,p1,l1,m1,op1,d1,temp,206
ttkId10,tn,hosur,p1,l1,m1,op1,d1,temp,207
ttkId10,tn,hosur,p1,l1,m1,op1,d1,temp,208
ttkId10,tn,hosur,p1,l1,m1,op1,d1,temp,209
ttkId10,tn,hosur,p1,l1,m1,op1,d1,temp,210
ttkId10,tn,hosur,p1,l1,m1,op1,d1,temp,211
ttkId10,tn,hosur,p1,l1,m1,op1,d1,temp,212
ttkId10,tn,hosur,p1,l1,m1,op1,d1,temp,213
ttkId10,tn,hosur,p1,l1,m1,op1,d1,temp,214
ttkId10,tn,hosur,p1,l1,m1,op1,d1,temp,215
ttkId10,tn,hosur,p1,l1,m1,op1,d1,temp,216
ttkId10,tn,hosur,p1,l1,m1,op1,d1,temp,217
ttkId10,tn,hosur,p1,l1,m1,op1,d1,temp,218
ttkId10,tn,hosur,p1,l1,m1,op1,d1,temp,219
ttkId10,tn,hosur,p1,l1,m1,op1,d1,temp,220
ttkId10,tn,hosur,p1,l1,m1,op1,d1,temp,221
ttkId10,tn,hosur,p1,l1,m1,op1,d1,temp,222
ttkId10,tn,hosur,p1,l1,m1,op1,d1,temp,223
ttkId10,tn,hosur,p1,l1,m1,op1,d1,temp,224
ttkId10,tn,hosur,p1,l1,m1,op1,d1,temp,225
ttkId10,tn,hosur,p1,l1,m1,op1,d1,temp,226
ttkId10,tn,hosur,p1,l1,m1,op1,d1,temp,227
ttkId10,tn,hosur,p1,l1,m1,op1,d1,temp,228
ttkId10,tn,hosur,p1,l1,m1,op1,d1,temp,229
ttkId10,tn,hosur,p1,l1,m1,op1,d1,temp,230
ttkId10,tn,hosur,p1,l1,m1,op1,d1,temp,231
ttkId10,tn,hosur,p1,l1,m1,op1,d1,temp,232
ttkId10,tn,hosur,p1,l1,m1,op1,d1,temp,233
ttkId10,tn,hosur,p1,l1,m1,op1,d1,temp,234
ttkId10,tn,hosur,p1,l1,m1,op1,d1,temp,235
ttkId10,tn,hosur,p1,l1,m1,op1,d1,temp,236
ttkId10,tn,hosur,p1,l1,m1,op1,d1,temp,237
ttkId10,tn,hosur,p1,l1,m1,op1,d1,temp,238
ttkId10,tn,hosur,p1,l1,m1,op1,d1,temp,239
ttkId10,tn,hosur,p1,l1,m1,op1,d1,temp,240
ttkId10,tn,hosur,p1,l1,m1,op1,d1,temp,241
ttkId10,tn,hosur,p1,l1,m1,op1,d1,temp,242
ttkId10,tn,hosur,p1,l1,m1,op1,d1,temp,243
ttkId10,tn,hosur,p1,l1,m1,op1,d1,temp,244
ttkId10,tn,hosur,p1,l1,m1,op1,d1,temp,245
ttkId10,tn,hosur,p1,l1,m1,op1,d1,temp,246
ttkId10,tn,hosur,p1,l1,m1,op1,d1,temp,247
ttkId10,tn,hosur,p1,l1,m1,op1,d1,temp,248
ttkId10,tn,hosur,p1,l1,m1,op1,d1,temp,249
ttkId10,tn,hosur,p1,l1,m1,op1,d1,temp,250
ttkId10,tn,hosur,p1,l1,m1,op1,d1,temp,251
ttkId10,tn,hosur,p1,l1,m1,op1,d1,temp,252
ttkId10,tn,hosur,p1,l1,m1,op1,d1,temp,253
ttkId10,tn,hosur,p1,l1,m1,op1,d1,temp,254
ttkId10,tn,hosur,p1,l1,m1,op1,d1,temp,255
ttkId10,tn,hosur,p1,l1,m1,op1,d1,temp,256
ttkId10,tn,hosur,p1,l1,m1,op1,d1,temp,257
ttkId10,tn,hosur,p1,l1,m1,op1,d1,temp,258
ttkId10,tn,hosur,p1,l1,m1,op1,d1,temp,259
ttkId10,tn,hosur,p1,l1,m1,op1,d1,temp,260
ttkId10,tn,hosur,p1,l1,m1,op1,d1,temp,261
ttkId10,tn,hosur,p1,l1,m1,op1,d1,temp,262
ttkId10,tn,hosur,p1,l1,m1,op1,d1,temp,263
ttkId10,tn,hosur,p1,l1,m1,op1,d1,temp,264
ttkId10,tn,hosur,p1,l1,m1,op1,d1,temp,265
ttkId10,tn,hosur,p1,l1,m1,op1,d1,temp,266
ttkId10,tn,hosur,p1,l1,m1,op1,d1,temp,267
ttkId10,tn,hosur,p1,l1,m1,op1,d1,temp,268
ttkId10,tn,hosur,p1,l1,m1,op1,d1,temp,269
ttkId10,tn,hosur,p1,l1,m1,op1,d1,temp,270
ttkId10,tn,hosur,p1,l1,m1,op1,d1,temp,271
ttkId10,tn,hosur,p1,l1,m1,op1,d1,temp,272
ttkId10,tn,hosur,p1,l1,m1,op1,d1,temp,273
ttkId10,tn,hosur,p1,l1,m1,op1,d1,temp,274
ttkId10,tn,hosur,p1,l1,m1,op1,d1,temp,275
ttkId10,tn,hosur,p1,l1,m1,op1,d1,temp,276
ttkId10,tn,hosur,p1,l1,m1,op1,d1,temp,277
ttkId10,tn,hosur,p1,l1,m1,op1,d1,temp,278
ttkId10,tn,hosur,p1,l1,m1,op1,d1,temp,279
ttkId10,tn,hosur,p1,l1,m1,op1,d1,temp,280
ttkId10,tn,hosur,p1,l1,m1,op1,d1,temp,281
ttkId10,tn,hosur,p1,l1,m1,op1,d1,temp,282
ttkId10,tn,hosur,p1,l1,m1,op1,d1,temp,283
ttkId10,tn,hosur,p1,l1,m1,op1,d1,temp,284
ttkId10,tn,hosur,p1,l1,m1,op1,d1,temp,285
ttkId10,tn,hosur,p1,l1,m1,op1,d1,temp,286
ttkId10,tn,hosur,p1,l1,m1,op1,d1,temp,287
ttkId10,tn,hosur,p1,l1,m1,op1,d1,temp,288
ttkId10,tn,hosur,p1,l1,m1,op1,d1,temp,289
ttkId10,tn,hosur,p1,l1,m1,op1,d1,temp,290
ttkId10,tn,hosur,p1,l1,m1,op1,d1,temp,291
ttkId10,tn,hosur,p1,l1,m1,op1,d1,temp,292
ttkId10,tn,hosur,p1,l1,m1,op1,d1,temp,293
ttkId10,tn,hosur,p1,l1,m1,op1,d1,temp,294
ttkId10,tn,hosur,p1,l1,m1,op1,d1,temp,295
ttkId10,tn,hosur,p1,l1,m1,op1,d1,temp,296
ttkId10,tn,hosur,p1,l1,m1,op1,d1,temp,297
ttkId10,tn,hosur,p1,l1,m1,op1,d1,temp,298
ttkId10,tn,hosur,p1,l1,m1,op1,d1,temp,299
ttkId10,tn,hosur,p1,l1,m1,op1,d1,temp,300
ttkId10,tn,hosur,p1,l1,m1,op1,d1,temp,301
ttkId10,tn,hosur,p1,l1,m1,op1,d1,temp,302
ttkId10,tn,hosur,p1,l1,m1,op1,d1,temp,303
ttkId10,tn,hosur,p1,l1,m1,op1,d1,temp,304
ttkId10,tn,hosur,p1,l1,m1,op1,d1,temp,305
ttkId10,tn,hosur,p1,l1,m1,op1,d1,temp,306
ttkId10,tn,hosur,p1,l1,m1,op1,d1,temp,307
ttkId10,tn,hosur,p1,l1,m1,op1,d1,temp,308
ttkId10,tn,hosur,p1,l1,m1,op1,d1,temp,309
ttkId10,tn,hosur,p1,l1,m1,op1,d1,temp,310
ttkId10,tn,hosur,p1,l1,m1,op1,d1,temp,311
ttkId10,tn,hosur,p1,l1,m1,op1,d1,temp,312
ttkId10,tn,hosur,p1,l1,m1,op1,d1,temp,313
ttkId10,tn,hosur,p1,l1,m1,op1,d1,temp,314
ttkId10,tn,hosur,p1,l1,m1,op1,d1,temp,315
ttkId10,tn,hosur,p1,l1,m1,op1,d1,temp,316
ttkId10,tn,hosur,p1,l1,m1,op1,d1,temp,317
ttkId10,tn,hosur,p1,l1,m1,op1,d1,temp,318
ttkId10,tn,hosur,p1,l1,m1,op1,d1,temp,319
ttkId10,tn,hosur,p1,l1,m1,op1,d1,temp,320
ttkId10,tn,hosur,p1,l1,m1,op1,d1,temp,321
ttkId10,tn,hosur,p1,l1,m1,op1,d1,temp,322
ttkId10,tn,hosur,p1,l1,m1,op1,d1,temp,323
ttkId10,tn,hosur,p1,l1,m1,op1,d1,temp,324
ttkId10,tn,hosur,p1,l1,m1,op1,d1,temp,325
ttkId10,tn,hosur,p1,l1,m1,op1,d1,temp,326
ttkId10,tn,hosur,p1,l1,m1,op1,d1,temp,327
ttkId10,tn,hosur,p1,l1,m1,op1,d1,temp,328
ttkId10,tn,hosur,p1,l1,m1,op1,d1,temp,329
ttkId10,tn,hosur,p1,l1,m1,op1,d1,temp,330
ttkId10,tn,hosur,p1,l1,m1,op1,d1,temp,331
ttkId10,tn,hosur,p1,l1,m1,op1,d1,temp,332
ttkId10,tn,hosur,p1,l1,m1,op1,d1,temp,333
ttkId10,tn,hosur,p1,l1,m1,op1,d1,temp,334
ttkId10,tn,hosur,p1,l1,m1,op1,d1,temp,335
ttkId10,tn,hosur,p1,l1,m1,op1,d1,temp,336
ttkId10,tn,hosur,p1,l1,m1,op1,d1,temp,337
ttkId10,tn,hosur,p1,l1,m1,op1,d1,temp,338
ttkId10,tn,hosur,p1,l1,m1,op1,d1,temp,339
ttkId10,tn,hosur,p1,l1,m1,op1,d1,temp,340
ttkId10,tn,hosur,p1,l1,m1,op1,d1,temp,341
ttkId10,tn,hosur,p1,l1,m1,op1,d1,temp,342
ttkId10,tn,hosur,p1,l1,m1,op1,d1,temp,343
ttkId10,tn,hosur,p1,l1,m1,op1,d1,temp,344
ttkId10,tn,hosur,p1,l1,m1,op1,d1,temp,345
ttkId10,tn,hosur,p1,l1,m1,op1,d1,temp,346
ttkId10,tn,hosur,p1,l1,m1,op1,d1,temp,347
ttkId10,tn,hosur,p1,l1,m1,op1,d1,temp,348
ttkId10,tn,hosur,p1,l1,m1,op1,d1,temp,349
ttkId10,tn,hosur,p1,l1,m1,op1,d1,temp,350
ttkId10,tn,hosur,p1,l1,m1,op1,d1,temp,351
ttkId10,tn,hosur,p1,l1,m1,op1,d1,temp,352
ttkId10,tn,hosur,p1,l1,m1,op1,d1,temp,353
ttkId10,tn,hosur,p1,l1,m1,op1,d1,temp,354
ttkId10,tn,hosur,p1,l1,m1,op1,d1,temp,355
ttkId10,tn,hosur,p1,l1,m1,op1,d1,temp,356
ttkId10,tn,hosur,p1,l1,m1,op1,d1,temp,357
ttkId10,tn,hosur,p1,l1,m1,op1,d1,temp,358
ttkId10,tn,hosur,p1,l1,m1,op1,d1,temp,359
ttkId10,tn,hosur,p1,l1,m1,op1,d1,temp,360
ttkId10,tn,hosur,p1,l1,m1,op1,d1,temp,361
ttkId10,tn,hosur,p1,l1,m1,op1,d1,temp,362
ttkId10,tn,hosur,p1,l1,m1,op1,d1,temp,363
ttkId10,tn,hosur,p1,l1,m1,op1,d1,temp,364
ttkId10,tn,hosur,p1,l1,m1,op1,d1,temp,365
ttkId10,tn,hosur,p1,l1,m1,op1,d1,temp,366
ttkId10,tn,hosur,p1,l1,m1,op1,d1,temp,367
ttkId10,tn,hosur,p1,l1,m1,op1,d1,temp,368
ttkId10,tn,hosur,p1,l1,m1,op1,d1,temp,369
ttkId10,tn,hosur,p1,l1,m1,op1,d1,temp,370
ttkId10,tn,hosur,p1,l1,m1,op1,d1,temp,371
ttkId10,tn,hosur,p1,l1,m1,op1,d1,temp,372
ttkId10,tn,hosur,p1,l1,m1,op1,d1,temp,373
ttkId10,tn,hosur,p1,l1,m1,op1,d1,temp,374
ttkId10,tn,hosur,p1,l1,m1,op1,d1,temp,375
ttkId10,tn,hosur,p1,l1,m1,op1,d1,temp,376
ttkId10,tn,hosur,p1,l1,m1,op1,d1,temp,377
ttkId10,tn,hosur,p1,l1,m1,op1,d1,temp,378
ttkId10,tn,hosur,p1,l1,m1,op1,d1,temp,379
ttkId10,tn,hosur,p1,l1,m1,op1,d1,temp,380
ttkId10,tn,hosur,p1,l1,m1,op1,d1,temp,381
ttkId10,tn,hosur,p1,l1,m1,op1,d1,temp,382
ttkId10,tn,hosur,p1,l1,m1,op1,d1,temp,383
ttkId10,tn,hosur,p1,l1,m1,op1,d1,temp,384
ttkId10,tn,hosur,p1,l1,m1,op1,d1,temp,385
ttkId10,tn,hosur,p1,l1,m1,op1,d1,temp,386
ttkId10,tn,hosur,p1,l1,m1,op1,d1,temp,387
ttkId10,tn,hosur,p1,l1,m1,op1,d1,temp,388
ttkId10,tn,hosur,p1,l1,m1,op1,d1,temp,389
ttkId10,tn,hosur,p1,l1,m1,op1,d1,temp,390
ttkId10,tn,hosur,p1,l1,m1,op1,d1,temp,391
ttkId10,tn,hosur,p1,l1,m1,op1,d1,temp,392
ttkId10,tn,hosur,p1,l1,m1,op1,d1,temp,393
ttkId10,tn,hosur,p1,l1,m1,op1,d1,temp,394
ttkId10,tn,hosur,p1,l1,m1,op1,d1,temp,395
ttkId10,tn,hosur,p1,l1,m1,op1,d1,temp,396
ttkId10,tn,hosur,p1,l1,m1,op1,d1,temp,397
ttkId10,tn,hosur,p1,l1,m1,op1,d1,temp,398
ttkId10,tn,hosur,p1,l1,m1,op1,d1,temp,399
ttkId10,tn,hosur,p1,l1,m1,op1,d1,temp,400
ttkId10,tn,hosur,p1,l1,m1,op1,d1,temp,401
ttkId10,tn,hosur,p1,l1,m1,op1,d1,temp,402
ttkId10,tn,hosur,p1,l1,m1,op1,d1,temp,403
ttkId10,tn,hosur,p1,l1,m1,op1,d1,temp,404
ttkId10,tn,hosur,p1,l1,m1,op1,d1,temp,405
ttkId10,tn,hosur,p1,l1,m1,op1,d1,temp,406
ttkId10,tn,hosur,p1,l1,m1,op1,d1,temp,407
ttkId10,tn,hosur,p1,l1,m1,op1,d1,temp,408
ttkId10,tn,hosur,p1,l1,m1,op1,d1,temp,409
ttkId10,tn,hosur,p1,l1,m1,op1,d1,temp,410
ttkId10,tn,hosur,p1,l1,m1,op1,d1,temp,411
ttkId10,tn,hosur,p1,l1,m1,op1,d1,temp,412
ttkId10,tn,hosur,p1,l1,m1,op1,d1,temp,413
ttkId10,tn,hosur,p1,l1,m1,op1,d1,temp,414
ttkId10,tn,hosur,p1,l1,m1,op1,d1,temp,415
ttkId10,tn,hosur,p1,l1,m1,op1,d1,temp,416
ttkId10,tn,hosur,p1,l1,m1,op1,d1,temp,417
ttkId10,tn,hosur,p1,l1,m1,op1,d1,temp,418
ttkId10,tn,hosur,p1,l1,m1,op1,d1,temp,419
ttkId10,tn,hosur,p1,l1,m1,op1,d1,temp,420
ttkId10,tn,hosur,p1,l1,m1,op1,d1,temp,421
ttkId10,tn,hosur,p1,l1,m1,op1,d1,temp,422
ttkId10,tn,hosur,p1,l1,m1,op1,d1,temp,423
ttkId10,tn,hosur,p1,l1,m1,op1,d1,temp,424
ttkId10,tn,hosur,p1,l1,m1,op1,d1,temp,425
ttkId10,tn,hosur,p1,l1,m1,op1,d1,temp,426
ttkId10,tn,hosur,p1,l1,m1,op1,d1,temp,427
ttkId10,tn,hosur,p1,l1,m1,op1,d1,temp,428
ttkId10,tn,hosur,p1,l1,m1,op1,d1,temp,429
ttkId10,tn,hosur,p1,l1,m1,op1,d1,temp,430
ttkId10,tn,hosur,p1,l1,m1,op1,d1,temp,431
ttkId10,tn,hosur,p1,l1,m1,op1,d1,temp,432
ttkId10,tn,hosur,p1,l1,m1,op1,d1,temp,433
ttkId10,tn,hosur,p1,l1,m1,op1,d1,temp,434
ttkId10,tn,hosur,p1,l1,m1,op1,d1,temp,435
ttkId10,tn,hosur,p1,l1,m1,op1,d1,temp,436
ttkId10,tn,hosur,p1,l1,m1,op1,d1,temp,437
ttkId10,tn,hosur,p1,l1,m1,op1,d1,temp,438
ttkId10,tn,hosur,p1,l1,m1,op1,d1,temp,439
ttkId10,tn,hosur,p1,l1,m1,op1,d1,temp,440
ttkId10,tn,hosur,p1,l1,m1,op1,d1,temp,441
ttkId10,tn,hosur,p1,l1,m1,op1,d1,temp,442
ttkId10,tn,hosur,p1,l1,m1,op1,d1,temp,443
ttkId10,tn,hosur,p1,l1,m1,op1,d1,temp,444
ttkId10,tn,hosur,p1,l1,m1,op1,d1,temp,445
ttkId10,tn,hosur,p1,l1,m1,op1,d1,temp,446
ttkId10,tn,hosur,p1,l1,m1,op1,d1,temp,447
ttkId10,tn,hosur,p1,l1,m1,op1,d1,temp,448
ttkId10,tn,hosur,p1,l1,m1,op1,d1,temp,449
ttkId10,tn,hosur,p1,l1,m1,op1,d1,temp,450
ttkId10,tn,hosur,p1,l1,m1,op1,d1,temp,451
ttkId10,tn,hosur,p1,l1,m1,op1,d1,temp,452
ttkId10,tn,hosur,p1,l1,m1,op1,d1,temp,453
ttkId10,tn,hosur,p1,l1,m1,op1,d1,temp,454
ttkId10,tn,hosur,p1,l1,m1,op1,d1,temp,455
ttkId10,tn,hosur,p1,l1,m1,op1,d1,temp,456
ttkId10,tn,hosur,p1,l1,m1,op1,d1,temp,457
ttkId10,tn,hosur,p1,l1,m1,op1,d1,temp,458
ttkId10,tn,hosur,p1,l1,m1,op1,d1,temp,459
ttkId10,tn,hosur,p1,l1,m1,op1,d1,temp,460
ttkId10,tn,hosur,p1,l1,m1,op1,d1,temp,461
ttkId10,tn,hosur,p1,l1,m1,op1,d1,temp,462
ttkId10,tn,hosur,p1,l1,m1,op1,d1,temp,463
ttkId10,tn,hosur,p1,l1,m1,op1,d1,temp,464
ttkId10,tn,hosur,p1,l1,m1,op1,d1,temp,465
ttkId10,tn,hosur,p1,l1,m1,op1,d1,temp,466
ttkId10,tn,hosur,p1,l1,m1,op1,d1,temp,467
ttkId10,tn,hosur,p1,l1,m1,op1,d1,temp,468
ttkId10,tn,hosur,p1,l1,m1,op1,d1,temp,469
ttkId10,tn,hosur,p1,l1,m1,op1,d1,temp,470
ttkId10,tn,hosur,p1,l1,m1,op1,d1,temp,471
ttkId10,tn,hosur,p1,l1,m1,op1,d1,temp,472
ttkId10,tn,hosur,p1,l1,m1,op1,d1,temp,473
ttkId10,tn,hosur,p1,l1,m1,op1,d1,temp,474
ttkId10,tn,hosur,p1,l1,m1,op1,d1,temp,475
ttkId10,tn,hosur,p1,l1,m1,op1,d1,temp,476
ttkId10,tn,hosur,p1,l1,m1,op1,d1,temp,477
ttkId10,tn,hosur,p1,l1,m1,op1,d1,temp,478
ttkId10,tn,hosur,p1,l1,m1,op1,d1,temp,479
ttkId10,tn,hosur,p1,l1,m1,op1,d1,temp,480
ttkId10,tn,hosur,p1,l1,m1,op1,d1,temp,481
ttkId10,tn,hosur,p1,l1,m1,op1,d1,temp,482
ttkId10,tn,hosur,p1,l1,m1,op1,d1,temp,483
ttkId10,tn,hosur,p1,l1,m1,op1,d1,temp,484
ttkId10,tn,hosur,p1,l1,m1,op1,d1,temp,485
ttkId10,tn,hosur,p1,l1,m1,op1,d1,temp,486
ttkId10,tn,hosur,p1,l1,m1,op1,d1,temp,487
ttkId10,tn,hosur,p1,l1,m1,op1,d1,temp,488
ttkId10,tn,hosur,p1,l1,m1,op1,d1,temp,489
ttkId10,tn,hosur,p1,l1,m1,op1,d1,temp,490
ttkId10,tn,hosur,p1,l1,m1,op1,d1,temp,491
ttkId10,tn,hosur,p1,l1,m1,op1,d1,temp,492
ttkId10,tn,hosur,p1,l1,m1,op1,d1,temp,493
ttkId10,tn,hosur,p1,l1,m1,op1,d1,temp,494
ttkId10,tn,hosur,p1,l1,m1,op1,d1,temp,495
ttkId10,tn,hosur,p1,l1,m1,op1,d1,temp,496
ttkId10,tn,hosur,p1,l1,m1,op1,d1,temp,497
ttkId10,tn,hosur,p1,l1,m1,op1,d1,temp,498
ttkId10,tn,hosur,p1,l1,m1,op1,d1,temp,499
ttkId10,tn,hosur,p1,l1,m1,op1,d1,temp,500
ttkId10,tn,hosur,p1,l1,m1,op1,d1,temp,501
ttkId10,tn,hosur,p1,l1,m1,op1,d1,temp,502
ttkId10,tn,hosur,p1,l1,m1,op1,d1,temp,503
ttkId10,tn,hosur,p1,l1,m1,op1,d1,temp,504
ttkId10,tn,hosur,p1,l1,m1,op1,d1,temp,505
ttkId10,tn,hosur,p1,l1,m1,op1,d1,temp,506
ttkId10,tn,hosur,p1,l1,m1,op1,d1,temp,507
ttkId10,tn,hosur,p1,l1,m1,op1,d1,temp,508
ttkId10,tn,hosur,p1,l1,m1,op1,d1,temp,509
ttkId10,tn,hosur,p1,l1,m1,op1,d1,temp,510
ttkId10,tn,hosur,p1,l1,m1,op1,d1,temp,511
ttkId10,tn,hosur,p1,l1,m1,op1,d1,temp,512
ttkId10,tn,hosur,p1,l1,m1,op1,d1,temp,513
ttkId10,tn,hosur,p1,l1,m1,op1,d1,temp,514
ttkId10,tn,hosur,p1,l1,m1,op1,d1,temp,515
ttkId10,tn,hosur,p1,l1,m1,op1,d1,temp,516
ttkId10,tn,hosur,p1,l1,m1,op1,d1,temp,517
ttkId10,tn,hosur,p1,l1,m1,op1,d1,temp,518
ttkId10,tn,hosur,p1,l1,m1,op1,d1,temp,519
ttkId10,tn,hosur,p1,l1,m1,op1,d1,temp,520
ttkId10,tn,hosur,p1,l1,m1,op1,d1,temp,521
ttkId10,tn,hosur,p1,l1,m1,op1,d1,temp,522
ttkId10,tn,hosur,p1,l1,m1,op1,d1,temp,523
ttkId10,tn,hosur,p1,l1,m1,op1,d1,temp,524
ttkId10,tn,hosur,p1,l1,m1,op1,d1,temp,525
ttkId10,tn,hosur,p1,l1,m1,op1,d1,temp,526
ttkId10,tn,hosur,p1,l1,m1,op1,d1,temp,527
ttkId10,tn,hosur,p1,l1,m1,op1,d1,temp,528
ttkId10,tn,hosur,p1,l1,m1,op1,d1,temp,529
ttkId10,tn,hosur,p1,l1,m1,op1,d1,temp,530
ttkId10,tn,hosur,p1,l1,m1,op1,d1,temp,531
ttkId10,tn,hosur,p1,l1,m1,op1,d1,temp,532
ttkId10,tn,hosur,p1,l1,m1,op1,d1,temp,533
ttkId10,tn,hosur,p1,l1,m1,op1,d1,temp,534
ttkId10,tn,hosur,p1,l1,m1,op1,d1,temp,535
ttkId10,tn,hosur,p1,l1,m1,op1,d1,temp,536
ttkId10,tn,hosur,p1,l1,m1,op1,d1,temp,537
ttkId10,tn,hosur,p1,l1,m1,op1,d1,temp,538
ttkId10,tn,hosur,p1,l1,m1,op1,d1,temp,539
ttkId10,tn,hosur,p1,l1,m1,op1,d1,temp,540
ttkId10,tn,hosur,p1,l1,m1,op1,d1,temp,541
ttkId10,tn,hosur,p1,l1,m1,op1,d1,temp,542
ttkId10,tn,hosur,p1,l1,m1,op1,d1,temp,543
ttkId10,tn,hosur,p1,l1,m1,op1,d1,temp,544
ttkId10,tn,hosur,p1,l1,m1,op1,d1,temp,545
ttkId10,tn,hosur,p1,l1,m1,op1,d1,temp,546
ttkId10,tn,hosur,p1,l1,m1,op1,d1,temp,547
ttkId10,tn,hosur,p1,l1,m1,op1,d1,temp,548
ttkId10,tn,hosur,p1,l1,m1,op1,d1,temp,549
ttkId10,tn,hosur,p1,l1,m1,op1,d1,temp,550
ttkId10,tn,hosur,p1,l1,m1,op1,d1,temp,551
ttkId10,tn,hosur,p1,l1,m1,op1,d1,temp,552
ttkId10,tn,hosur,p1,l1,m1,op1,d1,temp,553
ttkId10,tn,hosur,p1,l1,m1,op1,d1,temp,554
ttkId10,tn,hosur,p1,l1,m1,op1,d1,temp,555
ttkId10,tn,hosur,p1,l1,m1,op1,d1,temp,556
ttkId10,tn,hosur,p1,l1,m1,op1,d1,temp,557
ttkId10,tn,hosur,p1,l1,m1,op1,d1,temp,558
ttkId10,tn,hosur,p1,l1,m1,op1,d1,temp,559
ttkId10,tn,hosur,p1,l1,m1,op1,d1,temp,560
ttkId10,tn,hosur,p1,l1,m1,op1,d1,temp,561
ttkId10,tn,hosur,p1,l1,m1,op1,d1,temp,562
ttkId10,tn,hosur,p1,l1,m1,op1,d1,temp,563
ttkId10,tn,hosur,p1,l1,m1,op1,d1,temp,564
ttkId10,tn,hosur,p1,l1,m1,op1,d1,temp,565
ttkId10,tn,hosur,p1,l1,m1,op1,d1,temp,566
ttkId10,tn,hosur,p1,l1,m1,op1,d1,temp,567
ttkId10,tn,hosur,p1,l1,m1,op1,d1,temp,568
ttkId10,tn,hosur,p1,l1,m1,op1,d1,temp,569
ttkId10,tn,hosur,p1,l1,m1,op1,d1,temp,570
ttkId10,tn,hosur,p1,l1,m1,op1,d1,temp,571
ttkId10,tn,hosur,p1,l1,m1,op1,d1,temp,572
ttkId10,tn,hosur,p1,l1,m1,op1,d1,temp,573
ttkId10,tn,hosur,p1,l1,m1,op1,d1,temp,574
ttkId10,tn,hosur,p1,l1,m1,op1,d1,temp,575
ttkId10,tn,hosur,p1,l1,m1,op1,d1,temp,576
ttkId10,tn,hosur,p1,l1,m1,op1,d1,temp,577
ttkId10,tn,hosur,p1,l1,m1,op1,d1,temp,578
ttkId10,tn,hosur,p1,l1,m1,op1,d1,temp,579
ttkId10,tn,hosur,p1,l1,m1,op1,d1,temp,580
ttkId10,tn,hosur,p1,l1,m1,op1,d1,temp,581
ttkId10,tn,hosur,p1,l1,m1,op1,d1,temp,582
ttkId10,tn,hosur,p1,l1,m1,op1,d1,temp,583
ttkId10,tn,hosur,p1,l1,m1,op1,d1,temp,584
ttkId10,tn,hosur,p1,l1,m1,op1,d1,temp,585
ttkId10,tn,hosur,p1,l1,m1,op1,d1,temp,586
ttkId10,tn,hosur,p1,l1,m1,op1,d1,temp,587
ttkId10,tn,hosur,p1,l1,m1,op1,d1,temp,588
ttkId10,tn,hosur,p1,l1,m1,op1,d1,temp,589
ttkId10,tn,hosur,p1,l1,m1,op1,d1,temp,590
ttkId10,tn,hosur,p1,l1,m1,op1,d1,temp,591
ttkId10,tn,hosur,p1,l1,m1,op1,d1,temp,592
ttkId10,tn,hosur,p1,l1,m1,op1,d1,temp,593
ttkId10,tn,hosur,p1,l1,m1,op1,d1,temp,594
ttkId10,tn,hosur,p1,l1,m1,op1,d1,temp,595
ttkId10,tn,hosur,p1,l1,m1,op1,d1,temp,596
ttkId10,tn,hosur,p1,l1,m1,op1,d1,temp,597
ttkId10,tn,hosur,p1,l1,m1,op1,d1,temp,598
ttkId10,tn,hosur,p1,l1,m1,op1,d1,temp,599
ttkId10,tn,hosur,p1,l1,m1,op1,d1,temp,600
ttkId10,tn,hosur,p1,l1,m1,op1,d1,temp,601
ttkId10,tn,hosur,p1,l1,m1,op1,d1,temp,602
ttkId10,tn,hosur,p1,l1,m1,op1,d1,temp,603
ttkId10,tn,hosur,p1,l1,m1,op1,d1,temp,604
ttkId10,tn,hosur,p1,l1,m1,op1,d1,temp,605
ttkId10,tn,hosur,p1,l1,m1,op1,d1,temp,606
ttkId10,tn,hosur,p1,l1,m1,op1,d1,temp,607
ttkId10,tn,hosur,p1,l1,m1,op1,d1,temp,608
ttkId10,tn,hosur,p1,l1,m1,op1,d1,temp,609
ttkId10,tn,hosur,p1,l1,m1,op1,d1,temp,610
ttkId10,tn,hosur,p1,l1,m1,op1,d1,temp,611
ttkId10,tn,hosur,p1,l1,m1,op1,d1,temp,612
ttkId10,tn,hosur,p1,l1,m1,op1,d1,temp,613
ttkId10,tn,hosur,p1,l1,m1,op1,d1,temp,614
ttkId10,tn,hosur,p1,l1,m1,op1,d1,temp,615
ttkId10,tn,hosur,p1,l1,m1,op1,d1,temp,616
ttkId10,tn,hosur,p1,l1,m1,op1,d1,temp,617
ttkId10,tn,hosur,p1,l1,m1,op1,d1,temp,618
ttkId10,tn,hosur,p1,l1,m1,op1,d1,temp,619
ttkId10,tn,hosur,p1,l1,m1,op1,d1,temp,620
ttkId10,tn,hosur,p1,l1,m1,op1,d1,temp,621
ttkId10,tn,hosur,p1,l1,m1,op1,d1,temp,622
ttkId10,tn,hosur,p1,l1,m1,op1,d1,temp,623
ttkId10,tn,hosur,p1,l1,m1,op1,d1,temp,624
ttkId10,tn,hosur,p1,l1,m1,op1,d1,temp,625
ttkId10,tn,hosur,p1,l1,m1,op1,d1,temp,626
ttkId10,tn,hosur,p1,l1,m1,op1,d1,temp,627
ttkId10,tn,hosur,p1,l1,m1,op1,d1,temp,628
ttkId10,tn,hosur,p1,l1,m1,op1,d1,temp,629
ttkId10,tn,hosur,p1,l1,m1,op1,d1,temp,630
ttkId10,tn,hosur,p1,l1,m1,op1,d1,temp,631
ttkId10,tn,hosur,p1,l1,m1,op1,d1,temp,632
ttkId10,tn,hosur,p1,l1,m1,op1,d1,temp,633
ttkId10,tn,hosur,p1,l1,m1,op1,d1,temp,634
ttkId10,tn,hosur,p1,l1,m1,op1,d1,temp,635
ttkId10,tn,hosur,p1,l1,m1,op1,d1,temp,636
ttkId10,tn,hosur,p1,l1,m1,op1,d1,temp,637
ttkId10,tn,hosur,p1,l1,m1,op1,d1,temp,638
ttkId10,tn,hosur,p1,l1,m1,op1,d1,temp,639
ttkId10,tn,hosur,p1,l1,m1,op1,d1,temp,640
ttkId10,tn,hosur,p1,l1,m1,op1,d1,temp,641
ttkId10,tn,hosur,p1,l1,m1,op1,d1,temp,642
ttkId10,tn,hosur,p1,l1,m1,op1,d1,temp,643
ttkId10,tn,hosur,p1,l1,m1,op1,d1,temp,644
ttkId10,tn,hosur,p1,l1,m1,op1,d1,temp,645
ttkId10,tn,hosur,p1,l1,m1,op1,d1,temp,646
ttkId10,tn,hosur,p1,l1,m1,op1,d1,temp,647
ttkId10,tn,hosur,p1,l1,m1,op1,d1,temp,648
ttkId10,tn,hosur,p1,l1,m1,op1,d1,temp,649
ttkId10,tn,hosur,p1,l1,m1,op1,d1,temp,650
ttkId10,tn,hosur,p1,l1,m1,op1,d1,temp,651
ttkId10,tn,hosur,p1,l1,m1,op1,d1,temp,652
ttkId10,tn,hosur,p1,l1,m1,op1,d1,temp,653
ttkId10,tn,hosur,p1,l1,m1,op1,d1,temp,654
ttkId10,tn,hosur,p1,l1,m1,op1,d1,temp,655
ttkId10,tn,hosur,p1,l1,m1,op1,d1,temp,656
ttkId10,tn,hosur,p1,l1,m1,op1,d1,temp,657
ttkId10,tn,hosur,p1,l1,m1,op1,d1,temp,658
ttkId10,tn,hosur,p1,l1,m1,op1,d1,temp,659
ttkId10,tn,hosur,p1,l1,m1,op1,d1,temp,660
ttkId10,tn,hosur,p1,l1,m1,op1,d1,temp,661
ttkId10,tn,hosur,p1,l1,m1,op1,d1,temp,662
ttkId10,tn,hosur,p1,l1,m1,op1,d1,temp,663
ttkId10,tn,hosur,p1,l1,m1,op1,d1,temp,664
ttkId10,tn,hosur,p1,l1,m1,op1,d1,temp,665
ttkId10,tn,hosur,p1,l1,m1,op1,d1,temp,666
ttkId10,tn,hosur,p1,l1,m1,op1,d1,temp,667
ttkId10,tn,hosur,p1,l1,m1,op1,d1,temp,668
ttkId10,tn,hosur,p1,l1,m1,op1,d1,temp,669
ttkId10,tn,hosur,p1,l1,m1,op1,d1,temp,670
ttkId10,tn,hosur,p1,l1,m1,op1,d1,temp,671
ttkId10,tn,hosur,p1,l1,m1,op1,d1,temp,672
ttkId10,tn,hosur,p1,l1,m1,op1,d1,temp,673
ttkId10,tn,hosur,p1,l1,m1,op1,d1,temp,674
ttkId10,tn,hosur,p1,l1,m1,op1,d1,temp,675
ttkId10,tn,hosur,p1,l1,m1,op1,d1,temp,676
ttkId10,tn,hosur,p1,l1,m1,op1,d1,temp,677
ttkId10,tn,hosur,p1,l1,m1,op1,d1,temp,678
ttkId10,tn,hosur,p1,l1,m1,op1,d1,temp,679
ttkId10,tn,hosur,p1,l1,m1,op1,d1,temp,680
ttkId10,tn,hosur,p1,l1,m1,op1,d1,temp,681
ttkId10,tn,hosur,p1,l1,m1,op1,d1,temp,682
ttkId10,tn,hosur,p1,l1,m1,op1,d1,temp,683
ttkId10,tn,hosur,p1,l1,m1,op1,d1,temp,684
ttkId10,tn,hosur,p1,l1,m1,op1,d1,temp,685
ttkId10,tn,hosur,p1,l1,m1,op1,d1,temp,686
ttkId10,tn,hosur,p1,l1,m1,op1,d1,temp,687
ttkId10,tn,hosur,p1,l1,m1,op1,d1,temp,688
ttkId10,tn,hosur,p1,l1,m1,op1,d1,temp,689
ttkId10,tn,hosur,p1,l1,m1,op1,d1,temp,690
ttkId10,tn,hosur,p1,l1,m1,op1,d1,temp,691
ttkId10,tn,hosur,p1,l1,m1,op1,d1,temp,692
ttkId10,tn,hosur,p1,l1,m1,op1,d1,temp,693
ttkId10,tn,hosur,p1,l1,m1,op1,d1,temp,694
ttkId10,tn,hosur,p1,l1,m1,op1,d1,temp,695
ttkId10,tn,hosur,p1,l1,m1,op1,d1,temp,696
ttkId10,tn,hosur,p1,l1,m1,op1,d1,temp,697
ttkId10,tn,hosur,p1,l1,m1,op1,d1,temp,698
ttkId10,tn,hosur,p1,l1,m1,op1,d1,temp,699
ttkId10,tn,hosur,p1,l1,m1,op1,d1,temp,700
ttkId10,tn,hosur,p1,l1,m1,op1,d1,temp,701
ttkId10,tn,hosur,p1,l1,m1,op1,d1,temp,702
ttkId10,tn,hosur,p1,l1,m1,op1,d1,temp,703
ttkId10,tn,hosur,p1,l1,m1,op1,d1,temp,704
ttkId10,tn,hosur,p1,l1,m1,op1,d1,temp,705
ttkId10,tn,hosur,p1,l1,m1,op1,d1,temp,706
ttkId10,tn,hosur,p1,l1,m1,op1,d1,temp,707
ttkId10,tn,hosur,p1,l1,m1,op1,d1,temp,708
ttkId10,tn,hosur,p1,l1,m1,op1,d1,temp,709
ttkId10,tn,hosur,p1,l1,m1,op1,d1,temp,710
ttkId10,tn,hosur,p1,l1,m1,op1,d1,temp,711
ttkId10,tn,hosur,p1,l1,m1,op1,d1,temp,712
ttkId10,tn,hosur,p1,l1,m1,op1,d1,temp,713
ttkId10,tn,hosur,p1,l1,m1,op1,d1,temp,714
ttkId10,tn,hosur,p1,l1,m1,op1,d1,temp,715
ttkId10,tn,hosur,p1,l1,m1,op1,d1,temp,716
ttkId10,tn,hosur,p1,l1,m1,op1,d1,temp,717
ttkId10,tn,hosur,p1,l1,m1,op1,d1,temp,718
ttkId10,tn,hosur,p1,l1,m1,op1,d1,temp,719
ttkId10,tn,hosur,p1,l1,m1,op1,d1,temp,720
ttkId10,tn,hosur,p1,l1,m1,op1,d1,temp,721
ttkId10,tn,hosur,p1,l1,m1,op1,d1,temp,722
ttkId10,tn,hosur,p1,l1,m1,op1,d1,temp,723
ttkId10,tn,hosur,p1,l1,m1,op1,d1,temp,724
ttkId10,tn,hosur,p1,l1,m1,op1,d1,temp,725
ttkId10,tn,hosur,p1,l1,m1,op1,d1,temp,726
ttkId10,tn,hosur,p1,l1,m1,op1,d1,temp,727
ttkId10,tn,hosur,p1,l1,m1,op1,d1,temp,728
ttkId10,tn,hosur,p1,l1,m1,op1,d1,temp,729
ttkId10,tn,hosur,p1,l1,m1,op1,d1,temp,730
ttkId10,tn,hosur,p1,l1,m1,op1,d1,temp,731
ttkId10,tn,hosur,p1,l1,m1,op1,d1,temp,732
ttkId10,tn,hosur,p1,l1,m1,op1,d1,temp,733
ttkId10,tn,hosur,p1,l1,m1,op1,d1,temp,734
ttkId10,tn,hosur,p1,l1,m1,op1,d1,temp,735
ttkId10,tn,hosur,p1,l1,m1,op1,d1,temp,736
ttkId10,tn,hosur,p1,l1,m1,op1,d1,temp,737
ttkId10,tn,hosur,p1,l1,m1,op1,d1,temp,738
ttkId10,tn,hosur,p1,l1,m1,op1,d1,temp,739
ttkId10,tn,hosur,p1,l1,m1,op1,d1,temp,740
ttkId10,tn,hosur,p1,l1,m1,op1,d1,temp,741
ttkId10,tn,hosur,p1,l1,m1,op1,d1,temp,742
ttkId10,tn,hosur,p1,l1,m1,op1,d1,temp,743
ttkId10,tn,hosur,p1,l1,m1,op1,d1,temp,744
ttkId10,tn,hosur,p1,l1,m1,op1,d1,temp,745
ttkId10,tn,hosur,p1,l1,m1,op1,d1,temp,746
ttkId10,tn,hosur,p1,l1,m1,op1,d1,temp,747
ttkId10,tn,hosur,p1,l1,m1,op1,d1,temp,748
ttkId10,tn,hosur,p1,l1,m1,op1,d1,temp,749
ttkId10,tn,hosur,p1,l1,m1,op1,d1,temp,750
ttkId10,tn,hosur,p1,l1,m1,op1,d1,temp,751
ttkId10,tn,hosur,p1,l1,m1,op1,d1,temp,752
ttkId10,tn,hosur,p1,l1,m1,op1,d1,temp,753
ttkId10,tn,hosur,p1,l1,m1,op1,d1,temp,754
ttkId10,tn,hosur,p1,l1,m1,op1,d1,temp,755
ttkId10,tn,hosur,p1,l1,m1,op1,d1,temp,756
ttkId10,tn,hosur,p1,l1,m1,op1,d1,temp,757
ttkId10,tn,hosur,p1,l1,m1,op1,d1,temp,758
ttkId10,tn,hosur,p1,l1,m1,op1,d1,temp,759
ttkId10,tn,hosur,p1,l1,m1,op1,d1,temp,760
ttkId10,tn,hosur,p1,l1,m1,op1,d1,temp,761
ttkId10,tn,hosur,p1,l1,m1,op1,d1,temp,762
ttkId10,tn,hosur,p1,l1,m1,op1,d1,temp,763
ttkId10,tn,hosur,p1,l1,m1,op1,d1,temp,764
ttkId10,tn,hosur,p1,l1,m1,op1,d1,temp,765
ttkId10,tn,hosur,p1,l1,m1,op1,d1,temp,766
ttkId10,tn,hosur,p1,l1,m1,op1,d1,temp,767
ttkId10,tn,hosur,p1,l1,m1,op1,d1,temp,768
ttkId10,tn,hosur,p1,l1,m1,op1,d1,temp,769
ttkId10,tn,hosur,p1,l1,m1,op1,d1,temp,770
ttkId10,tn,hosur,p1,l1,m1,op1,d1,temp,771
ttkId10,tn,hosur,p1,l1,m1,op1,d1,temp,772
ttkId10,tn,hosur,p1,l1,m1,op1,d1,temp,773
ttkId10,tn,hosur,p1,l1,m1,op1,d1,temp,774
ttkId10,tn,hosur,p1,l1,m1,op1,d1,temp,775
ttkId10,tn,hosur,p1,l1,m1,op1,d1,temp,776
ttkId10,tn,hosur,p1,l1,m1,op1,d1,temp,777
ttkId10,tn,hosur,p1,l1,m1,op1,d1,temp,778
ttkId10,tn,hosur,p1,l1,m1,op1,d1,temp,779
ttkId10,tn,hosur,p1,l1,m1,op1,d1,temp,780
ttkId10,tn,hosur,p1,l1,m1,op1,d1,temp,781
ttkId10,tn,hosur,p1,l1,m1,op1,d1,temp,782
ttkId10,tn,hosur,p1,l1,m1,op1,d1,temp,783
ttkId10,tn,hosur,p1,l1,m1,op1,d1,temp,784
ttkId10,tn,hosur,p1,l1,m1,op1,d1,temp,785
ttkId10,tn,hosur,p1,l1,m1,op1,d1,temp,786
ttkId10,tn,hosur,p1,l1,m1,op1,d1,temp,787
ttkId10,tn,hosur,p1,l1,m1,op1,d1,temp,788
ttkId10,tn,hosur,p1,l1,m1,op1,d1,temp,789
ttkId10,tn,hosur,p1,l1,m1,op1,d1,temp,790
ttkId10,tn,hosur,p1,l1,m1,op1,d1,temp,791
ttkId10,tn,hosur,p1,l1,m1,op1,d1,temp,792
ttkId10,tn,hosur,p1,l1,m1,op1,d1,temp,793
ttkId10,tn,hosur,p1,l1,m1,op1,d1,temp,794
ttkId10,tn,hosur,p1,l1,m1,op1,d1,temp,795
ttkId10,tn,hosur,p1,l1,m1,op1,d1,temp,796
ttkId10,tn,hosur,p1,l1,m1,op1,d1,temp,797
ttkId10,tn,hosur,p1,l1,m1,op1,d1,temp,798
ttkId10,tn,hosur,p1,l1,m1,op1,d1,temp,799
ttkId10,tn,hosur,p1,l1,m1,op1,d1,temp,800
ttkId10,tn,hosur,p1,l1,m1,op1,d1,temp,801
ttkId10,tn,hosur,p1,l1,m1,op1,d1,temp,802
ttkId10,tn,hosur,p1,l1,m1,op1,d1,temp,803
ttkId10,tn,hosur,p1,l1,m1,op1,d1,temp,804
ttkId10,tn,hosur,p1,l1,m1,op1,d1,temp,805
ttkId10,tn,hosur,p1,l1,m1,op1,d1,temp,806
ttkId10,tn,hosur,p1,l1,m1,op1,d1,temp,807
ttkId10,tn,hosur,p1,l1,m1,op1,d1,temp,808
ttkId10,tn,hosur,p1,l1,m1,op1,d1,temp,809
ttkId10,tn,hosur,p1,l1,m1,op1,d1,temp,810
ttkId10,tn,hosur,p1,l1,m1,op1,d1,temp,811
ttkId10,tn,hosur,p1,l1,m1,op1,d1,temp,812
ttkId10,tn,hosur,p1,l1,m1,op1,d1,temp,813
ttkId10,tn,hosur,p1,l1,m1,op1,d1,temp,814
ttkId10,tn,hosur,p1,l1,m1,op1,d1,temp,815
ttkId10,tn,hosur,p1,l1,m1,op1,d1,temp,816
ttkId10,tn,hosur,p1,l1,m1,op1,d1,temp,817
ttkId10,tn,hosur,p1,l1,m1,op1,d1,temp,818
ttkId10,tn,hosur,p1,l1,m1,op1,d1,temp,819
ttkId10,tn,hosur,p1,l1,m1,op1,d1,temp,820
ttkId10,tn,hosur,p1,l1,m1,op1,d1,temp,821
ttkId10,tn,hosur,p1,l1,m1,op1,d1,temp,822
ttkId10,tn,hosur,p1,l1,m1,op1,d1,temp,823
ttkId10,tn,hosur,p1,l1,m1,op1,d1,temp,824
ttkId10,tn,hosur,p1,l1,m1,op1,d1,temp,825
ttkId10,tn,hosur,p1,l1,m1,op1,d1,temp,826
ttkId10,tn,hosur,p1,l1,m1,op1,d1,temp,827
ttkId10,tn,hosur,p1,l1,m1,op1,d1,temp,828
ttkId10,tn,hosur,p1,l1,m1,op1,d1,temp,829
ttkId10,tn,hosur,p1,l1,m1,op1,d1,temp,830
ttkId10,tn,hosur,p1,l1,m1,op1,d1,temp,831
ttkId10,tn,hosur,p1,l1,m1,op1,d1,temp,832
ttkId10,tn,hosur,p1,l1,m1,op1,d1,temp,833
ttkId10,tn,hosur,p1,l1,m1,op1,d1,temp,834
ttkId10,tn,hosur,p1,l1,m1,op1,d1,temp,835
ttkId10,tn,hosur,p1,l1,m1,op1,d1,temp,836
ttkId10,tn,hosur,p1,l1,m1,op1,d1,temp,837
ttkId10,tn,hosur,p1,l1,m1,op1,d1,temp,838
ttkId10,tn,hosur,p1,l1,m1,op1,d1,temp,839
ttkId10,tn,hosur,p1,l1,m1,op1,d1,temp,840
ttkId10,tn,hosur,p1,l1,m1,op1,d1,temp,841
ttkId10,tn,hosur,p1,l1,m1,op1,d1,temp,842
ttkId10,tn,hosur,p1,l1,m1,op1,d1,temp,843
ttkId10,tn,hosur,p1,l1,m1,op1,d1,temp,844
ttkId10,tn,hosur,p1,l1,m1,op1,d1,temp,845
ttkId10,tn,hosur,p1,l1,m1,op1,d1,temp,846
ttkId10,tn,hosur,p1,l1,m1,op1,d1,temp,847
ttkId10,tn,hosur,p1,l1,m1,op1,d1,temp,848
ttkId10,tn,hosur,p1,l1,m1,op1,d1,temp,849
ttkId10,tn,hosur,p1,l1,m1,op1,d1,temp,850
ttkId10,tn,hosur,p1,l1,m1,op1,d1,temp,851
ttkId10,tn,hosur,p1,l1,m1,op1,d1,temp,852
ttkId10,tn,hosur,p1,l1,m1,op1,d1,temp,853
ttkId10,tn,hosur,p1,l1,m1,op1,d1,temp,854
ttkId10,tn,hosur,p1,l1,m1,op1,d1,temp,855
ttkId10,tn,hosur,p1,l1,m1,op1,d1,temp,856
ttkId10,tn,hosur,p1,l1,m1,op1,d1,temp,857
ttkId10,tn,hosur,p1,l1,m1,op1,d1,temp,858
ttkId10,tn,hosur,p1,l1,m1,op1,d1,temp,859
ttkId10,tn,hosur,p1,l1,m1,op1,d1,temp,860
ttkId10,tn,hosur,p1,l1,m1,op1,d1,temp,861
ttkId10,tn,hosur,p1,l1,m1,op1,d1,temp,862
ttkId10,tn,hosur,p1,l1,m1,op1,d1,temp,863
ttkId10,tn,hosur,p1,l1,m1,op1,d1,temp,864
ttkId10,tn,hosur,p1,l1,m1,op1,d1,temp,865
ttkId10,tn,hosur,p1,l1,m1,op1,d1,temp,866
ttkId10,tn,hosur,p1,l1,m1,op1,d1,temp,867
ttkId10,tn,hosur,p1,l1,m1,op1,d1,temp,868
ttkId10,tn,hosur,p1,l1,m1,op1,d1,temp,869
ttkId10,tn,hosur,p1,l1,m1,op1,d1,temp,870
ttkId10,tn,hosur,p1,l1,m1,op1,d1,temp,871
ttkId10,tn,hosur,p1,l1,m1,op1,d1,temp,872
ttkId10,tn,hosur,p1,l1,m1,op1,d1,temp,873
ttkId10,tn,hosur,p1,l1,m1,op1,d1,temp,874
ttkId10,tn,hosur,p1,l1,m1,op1,d1,temp,875
ttkId10,tn,hosur,p1,l1,m1,op1,d1,temp,876
ttkId10,tn,hosur,p1,l1,m1,op1,d1,temp,877
ttkId10,tn,hosur,p1,l1,m1,op1,d1,temp,878
ttkId10,tn,hosur,p1,l1,m1,op1,d1,temp,879
ttkId10,tn,hosur,p1,l1,m1,op1,d1,temp,880
ttkId10,tn,hosur,p1,l1,m1,op1,d1,temp,881
ttkId10,tn,hosur,p1,l1,m1,op1,d1,temp,882
ttkId10,tn,hosur,p1,l1,m1,op1,d1,temp,883
ttkId10,tn,hosur,p1,l1,m1,op1,d1,temp,884
ttkId10,tn,hosur,p1,l1,m1,op1,d1,temp,885
ttkId10,tn,hosur,p1,l1,m1,op1,d1,temp,886
ttkId10,tn,hosur,p1,l1,m1,op1,d1,temp,887
ttkId10,tn,hosur,p1,l1,m1,op1,d1,temp,888
ttkId10,tn,hosur,p1,l1,m1,op1,d1,temp,889
ttkId10,tn,hosur,p1,l1,m1,op1,d1,temp,890
ttkId10,tn,hosur,p1,l1,m1,op1,d1,temp,891
ttkId10,tn,hosur,p1,l1,m1,op1,d1,temp,892
ttkId10,tn,hosur,p1,l1,m1,op1,d1,temp,893
ttkId10,tn,hosur,p1,l1,m1,op1,d1,temp,894
ttkId10,tn,hosur,p1,l1,m1,op1,d1,temp,895
ttkId10,tn,hosur,p1,l1,m1,op1,d1,temp,896
ttkId10,tn,hosur,p1,l1,m1,op1,d1,temp,897
ttkId10,tn,hosur,p1,l1,m1,op1,d1,temp,898
ttkId10,tn,hosur,p1,l1,m1,op1,d1,temp,899
ttkId10,tn,hosur,p1,l1,m1,op1,d1,temp,900
ttkId10,tn,hosur,p1,l1,m1,op1,d1,temp,901
ttkId10,tn,hosur,p1,l1,m1,op1,d1,temp,902
ttkId10,tn,hosur,p1,l1,m1,op1,d1,temp,903
ttkId10,tn,hosur,p1,l1,m1,op1,d1,temp,904
ttkId10,tn,hosur,p1,l1,m1,op1,d1,temp,905
ttkId10,tn,hosur,p1,l1,m1,op1,d1,temp,906
ttkId10,tn,hosur,p1,l1,m1,op1,d1,temp,907
ttkId10,tn,hosur,p1,l1,m1,op1,d1,temp,908
ttkId10,tn,hosur,p1,l1,m1,op1,d1,temp,909
ttkId10,tn,hosur,p1,l1,m1,op1,d1,temp,910
ttkId10,tn,hosur,p1,l1,m1,op1,d1,temp,911
ttkId10,tn,hosur,p1,l1,m1,op1,d1,temp,912
ttkId10,tn,hosur,p1,l1,m1,op1,d1,temp,913
ttkId10,tn,hosur,p1,l1,m1,op1,d1,temp,914
ttkId10,tn,hosur,p1,l1,m1,op1,d1,temp,915
ttkId10,tn,hosur,p1,l1,m1,op1,d1,temp,916
ttkId10,tn,hosur,p1,l1,m1,op1,d1,temp,917
ttkId10,tn,hosur,p1,l1,m1,op1,d1,temp,918
ttkId10,tn,hosur,p1,l1,m1,op1,d1,temp,919
ttkId10,tn,hosur,p1,l1,m1,op1,d1,temp,920
ttkId10,tn,hosur,p1,l1,m1,op1,d1,temp,921
ttkId10,tn,hosur,p1,l1,m1,op1,d1,temp,922
ttkId10,tn,hosur,p1,l1,m1,op1,d1,temp,923
ttkId10,tn,hosur,p1,l1,m1,op1,d1,temp,924
ttkId10,tn,hosur,p1,l1,m1,op1,d1,temp,925
ttkId10,tn,hosur,p1,l1,m1,op1,d1,temp,926
ttkId10,tn,hosur,p1,l1,m1,op1,d1,temp,927
ttkId10,tn,hosur,p1,l1,m1,op1,d1,temp,928
ttkId10,tn,hosur,p1,l1,m1,op1,d1,temp,929
ttkId10,tn,hosur,p1,l1,m1,op1,d1,temp,930
ttkId10,tn,hosur,p1,l1,m1,op1,d1,temp,931
ttkId10,tn,hosur,p1,l1,m1,op1,d1,temp,932
ttkId10,tn,hosur,p1,l1,m1,op1,d1,temp,933
ttkId10,tn,hosur,p1,l1,m1,op1,d1,temp,934
ttkId10,tn,hosur,p1,l1,m1,op1,d1,temp,935
ttkId10,tn,hosur,p1,l1,m1,op1,d1,temp,936
ttkId10,tn,hosur,p1,l1,m1,op1,d1,temp,937
ttkId10,tn,hosur,p1,l1,m1,op1,d1,temp,938
ttkId10,tn,hosur,p1,l1,m1,op1,d1,temp,939
ttkId10,tn,hosur,p1,l1,m1,op1,d1,temp,940
ttkId10,tn,hosur,p1,l1,m1,op1,d1,temp,941
ttkId10,tn,hosur,p1,l1,m1,op1,d1,temp,942
ttkId10,tn,hosur,p1,l1,m1,op1,d1,temp,943
ttkId10,tn,hosur,p1,l1,m1,op1,d1,temp,944
ttkId10,tn,hosur,p1,l1,m1,op1,d1,temp,945
ttkId10,tn,hosur,p1,l1,m1,op1,d1,temp,946
ttkId10,tn,hosur,p1,l1,m1,op1,d1,temp,947
ttkId10,tn,hosur,p1,l1,m1,op1,d1,temp,948
ttkId10,tn,hosur,p1,l1,m1,op1,d1,temp,949
ttkId10,tn,hosur,p1,l1,m1,op1,d1,temp,950
ttkId10,tn,hosur,p1,l1,m1,op1,d1,temp,951
ttkId10,tn,hosur,p1,l1,m1,op1,d1,temp,952
ttkId10,tn,hosur,p1,l1,m1,op1,d1,temp,953
ttkId10,tn,hosur,p1,l1,m1,op1,d1,temp,954
ttkId10,tn,hosur,p1,l1,m1,op1,d1,temp,955
ttkId10,tn,hosur,p1,l1,m1,op1,d1,temp,956
ttkId10,tn,hosur,p1,l1,m1,op1,d1,temp,957
ttkId10,tn,hosur,p1,l1,m1,op1,d1,temp,958
ttkId10,tn,hosur,p1,l1,m1,op1,d1,temp,959
ttkId10,tn,hosur,p1,l1,m1,op1,d1,temp,960
ttkId10,tn,hosur,p1,l1,m1,op1,d1,temp,961
ttkId10,tn,hosur,p1,l1,m1,op1,d1,temp,962
ttkId10,tn,hosur,p1,l1,m1,op1,d1,temp,963
ttkId10,tn,hosur,p1,l1,m1,op1,d1,temp,964
ttkId10,tn,hosur,p1,l1,m1,op1,d1,temp,965
ttkId10,tn,hosur,p1,l1,m1,op1,d1,temp,966
ttkId10,tn,hosur,p1,l1,m1,op1,d1,temp,967
ttkId10,tn,hosur,p1,l1,m1,op1,d1,temp,968
ttkId10,tn,hosur,p1,l1,m1,op1,d1,temp,969
ttkId10,tn,hosur,p1,l1,m1,op1,d1,temp,970
ttkId10,tn,hosur,p1,l1,m1,op1,d1,temp,971
ttkId10,tn,hosur,p1,l1,m1,op1,d1,temp,972
ttkId10,tn,hosur,p1,l1,m1,op1,d1,temp,973
ttkId10,tn,hosur,p1,l1,m1,op1,d1,temp,974
ttkId10,tn,hosur,p1,l1,m1,op1,d1,temp,975
ttkId10,tn,hosur,p1,l1,m1,op1,d1,temp,976
ttkId10,tn,hosur,p1,l1,m1,op1,d1,temp,977
ttkId10,tn,hosur,p1,l1,m1,op1,d1,temp,978
ttkId10,tn,hosur,p1,l1,m1,op1,d1,temp,979
ttkId10,tn,hosur,p1,l1,m1,op1,d1,temp,980
ttkId10,tn,hosur,p1,l1,m1,op1,d1,temp,981
ttkId10,tn,hosur,p1,l1,m1,op1,d1,temp,982
ttkId10,tn,hosur,p1,l1,m1,op1,d1,temp,983
ttkId10,tn,hosur,p1,l1,m1,op1,d1,temp,984
ttkId10,tn,hosur,p1,l1,m1,op1,d1,temp,985
ttkId10,tn,hosur,p1,l1,m1,op1,d1,temp,986
ttkId10,tn,hosur,p1,l1,m1,op1,d1,temp,987
ttkId10,tn,hosur,p1,l1,m1,op1,d1,temp,988
ttkId10,tn,hosur,p1,l1,m1,op1,d1,temp,989
ttkId10,tn,hosur,p1,l1,m1,op1,d1,temp,990
ttkId10,tn,hosur,p1,l1,m1,op1,d1,temp,991
ttkId10,tn,hosur,p1,l1,m1,op1,d1,temp,992
ttkId10,tn,hosur,p1,l1,m1,op1,d1,temp,993
ttkId10,tn,hosur,p1,l1,m1,op1,d1,temp,994
ttkId10,tn,hosur,p1,l1,m1,op1,d1,temp,995
ttkId10,tn,hosur,p1,l1,m1,op1,d1,temp,996
ttkId10,tn,hosur,p1,l1,m1,op1,d1,temp,997
ttkId10,tn,hosur,p1,l1,m1,op1,d1,temp,998
ttkId10,tn,hosur,p1,l1,m1,op1,d1,temp,999
ttkId10,tn,hosur,p1,l1,m1,op1,d1,temp,1000
ttkId10,tn,hosur,p1,l1,m1,op1,d1,temp,1001
ttkId10,tn,hosur,p1,l1,m1,op1,d1,temp,1002
ttkId10,tn,hosur,p1,l1,m1,op1,d1,temp,1003
ttkId10,tn,hosur,p1,l1,m1,op1,d1,temp,1004
ttkId10,tn,hosur,p1,l1,m1,op1,d1,temp,1005
ttkId10,tn,hosur,p1,l1,m1,op1,d1,temp,1006
ttkId10,tn,hosur,p1,l1,m1,op1,d1,temp,1007
ttkId10,tn,hosur,p1,l1,m1,op1,d1,temp,1008
ttkId10,tn,hosur,p1,l1,m1,op1,d1,temp,1009
ttkId10,tn,hosur,p1,l1,m1,op1,d1,temp,1010
ttkId10,tn,hosur,p1,l1,m1,op1,d1,temp,1011
ttkId10,tn,hosur,p1,l1,m1,op1,d1,temp,1012
ttkId10,tn,hosur,p1,l1,m1,op1,d1,temp,1013
ttkId10,tn,hosur,p1,l1,m1,op1,d1,temp,1014
ttkId10,tn,hosur,p1,l1,m1,op1,d1,temp,1015
ttkId10,tn,hosur,p1,l1,m1,op1,d1,temp,1016
ttkId10,tn,hosur,p1,l1,m1,op1,d1,temp,1017
ttkId10,tn,hosur,p1,l1,m1,op1,d1,temp,1018
ttkId10,tn,hosur,p1,l1,m1,op1,d1,temp,1019
ttkId10,tn,hosur,p1,l1,m1,op1,d1,temp,1020
ttkId10,tn,hosur,p1,l1,m1,op1,d1,temp,1021
ttkId10,tn,hosur,p1,l1,m1,op1,d1,temp,1022
ttkId10,tn,hosur,p1,l1,m1,op1,d1,temp,1023
ttkId10,tn,hosur,p1,l1,m1,op1,d1,temp,1024
ttkId10,tn,hosur,p1,l1,m1,op1,d1,temp,1025
ttkId10,tn,hosur,p1,l1,m1,op1,d1,temp,1026
ttkId10,tn,hosur,p1,l1,m1,op1,d1,temp,1027
ttkId10,tn,hosur,p1,l1,m1,op1,d1,temp,1028
ttkId10,tn,hosur,p1,l1,m1,op1,d1,temp,1029
ttkId10,tn,hosur,p1,l1,m1,op1,d1,temp,1030
ttkId10,tn,hosur,p1,l1,m1,op1,d1,temp,1031
ttkId10,tn,hosur,p1,l1,m1,op1,d1,temp,1032
ttkId10,tn,hosur,p1,l1,m1,op1,d1,temp,1033
ttkId10,tn,hosur,p1,l1,m1,op1,d1,temp,1034
ttkId10,tn,hosur,p1,l1,m1,op1,d1,temp,1035
ttkId10,tn,hosur,p1,l1,m1,op1,d1,temp,1036
ttkId10,tn,hosur,p1,l1,m1,op1,d1,temp,1037
ttkId10,tn,hosur,p1,l1,m1,op1,d1,temp,1038
ttkId10,tn,hosur,p1,l1,m1,op1,d1,temp,1039
ttkId10,tn,hosur,p1,l1,m1,op1,d1,temp,1040
ttkId10,tn,hosur,p1,l1,m1,op1,d1,temp,1041
ttkId10,tn,hosur,p1,l1,m1,op1,d1,temp,1042
ttkId10,tn,hosur,p1,l1,m1,op1,d1,temp,1043
ttkId10,tn,hosur,p1,l1,m1,op1,d1,temp,1044
ttkId10,tn,hosur,p1,l1,m1,op1,d1,temp,1045
ttkId10,tn,hosur,p1,l1,m1,op1,d1,temp,1046
ttkId10,tn,hosur,p1,l1,m1,op1,d1,temp,1047
ttkId10,tn,hosur,p1,l1,m1,op1,d1,temp,1048
ttkId10,tn,hosur,p1,l1,m1,op1,d1,temp,1049
ttkId10,tn,hosur,p1,l1,m1,op1,d1,temp,1050
ttkId10,tn,hosur,p1,l1,m1,op1,d1,temp,1051
ttkId10,tn,hosur,p1,l1,m1,op1,d1,temp,1052
ttkId10,tn,hosur,p1,l1,m1,op1,d1,temp,1053
ttkId10,tn,hosur,p1,l1,m1,op1,d1,temp,1054
ttkId10,tn,hosur,p1,l1,m1,op1,d1,temp,1055
ttkId10,tn,hosur,p1,l1,m1,op1,d1,temp,1056
ttkId10,tn,hosur,p1,l1,m1,op1,d1,temp,1057
ttkId10,tn,hosur,p1,l1,m1,op1,d1,temp,1058
ttkId10,tn,hosur,p1,l1,m1,op1,d1,temp,1059
ttkId10,tn,hosur,p1,l1,m1,op1,d1,temp,1060
ttkId10,tn,hosur,p1,l1,m1,op1,d1,temp,1061
ttkId10,tn,hosur,p1,l1,m1,op1,d1,temp,1062
ttkId10,tn,hosur,p1,l1,m1,op1,d1,temp,1063
ttkId10,tn,hosur,p1,l1,m1,op1,d1,temp,1064
ttkId10,tn,hosur,p1,l1,m1,op1,d1,temp,1065
ttkId10,tn,hosur,p1,l1,m1,op1,d1,temp,1066
ttkId10,tn,hosur,p1,l1,m1,op1,d1,temp,1067
ttkId10,tn,hosur,p1,l1,m1,op1,d1,temp,1068
ttkId10,tn,hosur,p1,l1,m1,op1,d1,temp,1069
ttkId10,tn,hosur,p1,l1,m1,op1,d1,temp,1070
ttkId10,tn,hosur,p1,l1,m1,op1,d1,temp,1071
ttkId10,tn,hosur,p1,l1,m1,op1,d1,temp,1072
ttkId10,tn,hosur,p1,l1,m1,op1,d1,temp,1073
ttkId10,tn,hosur,p1,l1,m1,op1,d1,temp,1074
ttkId10,tn,hosur,p1,l1,m1,op1,d1,temp,1075
ttkId10,tn,hosur,p1,l1,m1,op1,d1,temp,1076
ttkId10,tn,hosur,p1,l1,m1,op1,d1,temp,1077
ttkId10,tn,hosur,p1,l1,m1,op1,d1,temp,1078
ttkId10,tn,hosur,p1,l1,m1,op1,d1,temp,1079
ttkId10,tn,hosur,p1,l1,m1,op1,d1,temp,1080
ttkId10,tn,hosur,p1,l1,m1,op1,d1,temp,1081
ttkId10,tn,hosur,p1,l1,m1,op1,d1,temp,1082
ttkId10,tn,hosur,p1,l1,m1,op1,d1,temp,1083
ttkId10,tn,hosur,p1,l1,m1,op1,d1,temp,1084
ttkId10,tn,hosur,p1,l1,m1,op1,d1,temp,1085
ttkId10,tn,hosur,p1,l1,m1,op1,d1,temp,1086
ttkId10,tn,hosur,p1,l1,m1,op1,d1,temp,1087
ttkId10,tn,hosur,p1,l1,m1,op1,d1,temp,1088
ttkId10,tn,hosur,p1,l1,m1,op1,d1,temp,1089
ttkId10,tn,hosur,p1,l1,m1,op1,d1,temp,1090
ttkId10,tn,hosur,p1,l1,m1,op1,d1,temp,1091
ttkId10,tn,hosur,p1,l1,m1,op1,d1,temp,1092
ttkId10,tn,hosur,p1,l1,m1,op1,d1,temp,1093
ttkId10,tn,hosur,p1,l1,m1,op1,d1,temp,1094
ttkId10,tn,hosur,p1,l1,m1,op1,d1,temp,1095
ttkId10,tn,hosur,p1,l1,m1,op1,d1,temp,1096
ttkId10,tn,hosur,p1,l1,m1,op1,d1,temp,1097
ttkId10,tn,hosur,p1,l1,m1,op1,d1,temp,1098
ttkId10,tn,hosur,p1,l1,m1,op1,d1,temp,1099
ttkId10,tn,hosur,p1,l1,m1,op1,d1,temp,1100
ttkId10,tn,hosur,p1,l1,m1,op1,d1,temp,1101
ttkId10,tn,hosur,p1,l1,m1,op1,d1,temp,1102
ttkId10,tn,hosur,p1,l1,m1,op1,d1,temp,1103
ttkId10,tn,hosur,p1,l1,m1,op1,d1,temp,1104
ttkId10,tn,hosur,p1,l1,m1,op1,d1,temp,1105
ttkId10,tn,hosur,p1,l1,m1,op1,d1,temp,1106
ttkId10,tn,hosur,p1,l1,m1,op1,d1,temp,1107
ttkId10,tn,hosur,p1,l1,m1,op1,d1,temp,1108
ttkId10,tn,hosur,p1,l1,m1,op1,d1,temp,1109
ttkId10,tn,hosur,p1,l1,m1,op1,d1,temp,1110
ttkId10,tn,hosur,p1,l1,m1,op1,d1,temp,1111
ttkId10,tn,hosur,p1,l1,m1,op1,d1,temp,1112
ttkId10,tn,hosur,p1,l1,m1,op1,d1,temp,1113
ttkId10,tn,hosur,p1,l1,m1,op1,d1,temp,1114
ttkId10,tn,hosur,p1,l1,m1,op1,d1,temp,1115
ttkId10,tn,hosur,p1,l1,m1,op1,d1,temp,1116
ttkId10,tn,hosur,p1,l1,m1,op1,d1,temp,1117
ttkId10,tn,hosur,p1,l1,m1,op1,d1,temp,1118
ttkId10,tn,hosur,p1,l1,m1,op1,d1,temp,1119
ttkId10,tn,hosur,p1,l1,m1,op1,d1,temp,1120
ttkId10,tn,hosur,p1,l1,m1,op1,d1,temp,1121
ttkId10,tn,hosur,p1,l1,m1,op1,d1,temp,1122
ttkId10,tn,hosur,p1,l1,m1,op1,d1,temp,1123
ttkId10,tn,hosur,p1,l1,m1,op1,d1,temp,1124
ttkId10,tn,hosur,p1,l1,m1,op1,d1,temp,1125
ttkId10,tn,hosur,p1,l1,m1,op1,d1,temp,1126
ttkId10,tn,hosur,p1,l1,m1,op1,d1,temp,1127
ttkId10,tn,hosur,p1,l1,m1,op1,d1,temp,1128
ttkId10,tn,hosur,p1,l1,m1,op1,d1,temp,1129
ttkId10,tn,hosur,p1,l1,m1,op1,d1,temp,1130
ttkId10,tn,hosur,p1,l1,m1,op1,d1,temp,1131
ttkId10,tn,hosur,p1,l1,m1,op1,d1,temp,1132
ttkId10,tn,hosur,p1,l1,m1,op1,d1,temp,1133
ttkId10,tn,hosur,p1,l1,m1,op1,d1,temp,1134
ttkId10,tn,hosur,p1,l1,m1,op1,d1,temp,1135
ttkId10,tn,hosur,p1,l1,m1,op1,d1,temp,1136
ttkId10,tn,hosur,p1,l1,m1,op1,d1,temp,1137
ttkId10,tn,hosur,p1,l1,m1,op1,d1,temp,1138
ttkId10,tn,hosur,p1,l1,m1,op1,d1,temp,1139
ttkId10,tn,hosur,p1,l1,m1,op1,d1,temp,1140
ttkId10,tn,hosur,p1,l1,m1,op1,d1,temp,1141
ttkId10,tn,hosur,p1,l1,m1,op1,d1,temp,1142
ttkId10,tn,hosur,p1,l1,m1,op1,d1,temp,1143
ttkId10,tn,hosur,p1,l1,m1,op1,d1,temp,1144
ttkId10,tn,hosur,p1,l1,m1,op1,d1,temp,1145
ttkId10,tn,hosur,p1,l1,m1,op1,d1,temp,1146
ttkId10,tn,hosur,p1,l1,m1,op1,d1,temp,1147
ttkId10,tn,hosur,p1,l1,m1,op1,d1,temp,1148
ttkId10,tn,hosur,p1,l1,m1,op1,d1,temp,1149
ttkId10,tn,hosur,p1,l1,m1,op1,d1,temp,1150
ttkId10,tn,hosur,p1,l1,m1,op1,d1,temp,1151
ttkId10,tn,hosur,p1,l1,m1,op1,d1,temp,1152
ttkId10,tn,hosur,p1,l1,m1,op1,d1,temp,1153
ttkId10,tn,hosur,p1,l1,m1,op1,d1,temp,1154
ttkId10,tn,hosur,p1,l1,m1,op1,d1,temp,1155
ttkId10,tn,hosur,p1,l1,m1,op1,d1,temp,1156
ttkId10,tn,hosur,p1,l1,m1,op1,d1,temp,1157
ttkId10,tn,hosur,p1,l1,m1,op1,d1,temp,1158
ttkId10,tn,hosur,p1,l1,m1,op1,d1,temp,1159
ttkId10,tn,hosur,p1,l1,m1,op1,d1,temp,1160
ttkId10,tn,hosur,p1,l1,m1,op1,d1,temp,1161
ttkId10,tn,hosur,p1,l1,m1,op1,d1,temp,1162
ttkId10,tn,hosur,p1,l1,m1,op1,d1,temp,1163
ttkId10,tn,hosur,p1,l1,m1,op1,d1,temp,1164
ttkId10,tn,hosur,p1,l1,m1,op1,d1,temp,1165
ttkId10,tn,hosur,p1,l1,m1,op1,d1,temp,1166
ttkId10,tn,hosur,p1,l1,m1,op1,d1,temp,1167
ttkId10,tn,hosur,p1,l1,m1,op1,d1,temp,1168
ttkId10,tn,hosur,p1,l1,m1,op1,d1,temp,1169
ttkId10,tn,hosur,p1,l1,m1,op1,d1,temp,1170
ttkId10,tn,hosur,p1,l1,m1,op1,d1,temp,1171
ttkId10,tn,hosur,p1,l1,m1,op1,d1,temp,1172
ttkId10,tn,hosur,p1,l1,m1,op1,d1,temp,1173
ttkId10,tn,hosur,p1,l1,m1,op1,d1,temp,1174
ttkId10,tn,hosur,p1,l1,m1,op1,d1,temp,1175
ttkId10,tn,hosur,p1,l1,m1,op1,d1,temp,1176
ttkId10,tn,hosur,p1,l1,m1,op1,d1,temp,1177
ttkId10,tn,hosur,p1,l1,m1,op1,d1,temp,1178
ttkId10,tn,hosur,p1,l1,m1,op1,d1,temp,1179
ttkId10,tn,hosur,p1,l1,m1,op1,d1,temp,1180
ttkId10,tn,hosur,p1,l1,m1,op1,d1,temp,1181
ttkId10,tn,hosur,p1,l1,m1,op1,d1,temp,1182
ttkId10,tn,hosur,p1,l1,m1,op1,d1,temp,1183
ttkId10,tn,hosur,p1,l1,m1,op1,d1,temp,1184
ttkId10,tn,hosur,p1,l1,m1,op1,d1,temp,1185
ttkId10,tn,hosur,p1,l1,m1,op1,d1,temp,1186
ttkId10,tn,hosur,p1,l1,m1,op1,d1,temp,1187
ttkId10,tn,hosur,p1,l1,m1,op1,d1,temp,1188
ttkId10,tn,hosur,p1,l1,m1,op1,d1,temp,1189
ttkId10,tn,hosur,p1,l1,m1,op1,d1,temp,1190
ttkId10,tn,hosur,p1,l1,m1,op1,d1,temp,1191
ttkId10,tn,hosur,p1,l1,m1,op1,d1,temp,1192
ttkId10,tn,hosur,p1,l1,m1,op1,d1,temp,1193
ttkId10,tn,hosur,p1,l1,m1,op1,d1,temp,1194
ttkId10,tn,hosur,p1,l1,m1,op1,d1,temp,1195
ttkId10,tn,hosur,p1,l1,m1,op1,d1,temp,1196
ttkId10,tn,hosur,p1,l1,m1,op1,d1,temp,1197
ttkId10,tn,hosur,p1,l1,m1,op1,d1,temp,1198
ttkId10,tn,hosur,p1,l1,m1,op1,d1,temp,1199
ttkId10,tn,hosur,p1,l1,m1,op1,d1,temp,1200
ttkId10,tn,hosur,p1,l1,m1,op1,d1,temp,1201
ttkId10,tn,hosur,p1,l1,m1,op1,d1,temp,1202
ttkId10,tn,hosur,p1,l1,m1,op1,d1,temp,1203
ttkId10,tn,hosur,p1,l1,m1,op1,d1,temp,1204
ttkId10,tn,hosur,p1,l1,m1,op1,d1,temp,1205
ttkId10,tn,hosur,p1,l1,m1,op1,d1,temp,1206
ttkId10,tn,hosur,p1,l1,m1,op1,d1,temp,1207
ttkId10,tn,hosur,p1,l1,m1,op1,d1,temp,1208
ttkId10,tn,hosur,p1,l1,m1,op1,d1,temp,1209
ttkId10,tn,hosur,p1,l1,m1,op1,d1,temp,1210
ttkId10,tn,hosur,p1,l1,m1,op1,d1,temp,1211
ttkId10,tn,hosur,p1,l1,m1,op1,d1,temp,1212
ttkId10,tn,hosur,p1,l1,m1,op1,d1,temp,1213
ttkId10,tn,hosur,p1,l1,m1,op1,d1,temp,1214
ttkId10,tn,hosur,p1,l1,m1,op1,d1,temp,1215
ttkId10,tn,hosur,p1,l1,m1,op1,d1,temp,1216
ttkId10,tn,hosur,p1,l1,m1,op1,d1,temp,1217
ttkId10,tn,hosur,p1,l1,m1,op1,d1,temp,1218
ttkId10,tn,hosur,p1,l1,m1,op1,d1,temp,1219
ttkId10,tn,hosur,p1,l1,m1,op1,d1,temp,1220
ttkId10,tn,hosur,p1,l1,m1,op1,d1,temp,1221
ttkId10,tn,hosur,p1,l1,m1,op1,d1,temp,1222
ttkId10,tn,hosur,p1,l1,m1,op1,d1,temp,1223
ttkId10,tn,hosur,p1,l1,m1,op1,d1,temp,1224
ttkId10,tn,hosur,p1,l1,m1,op1,d1,temp,1225
ttkId10,tn,hosur,p1,l1,m1,op1,d1,temp,1226
ttkId10,tn,hosur,p1,l1,m1,op1,d1,temp,1227
ttkId10,tn,hosur,p1,l1,m1,op1,d1,temp,1228
ttkId10,tn,hosur,p1,l1,m1,op1,d1,temp,1229
ttkId10,tn,hosur,p1,l1,m1,op1,d1,temp,1230
ttkId10,tn,hosur,p1,l1,m1,op1,d1,temp,1231
ttkId10,tn,hosur,p1,l1,m1,op1,d1,temp,1232
ttkId10,tn,hosur,p1,l1,m1,op1,d1,temp,1233
ttkId10,tn,hosur,p1,l1,m1,op1,d1,temp,1234
ttkId10,tn,hosur,p1,l1,m1,op1,d1,temp,1235
ttkId10,tn,hosur,p1,l1,m1,op1,d1,temp,1236
ttkId10,tn,hosur,p1,l1,m1,op1,d1,temp,1237
ttkId10,tn,hosur,p1,l1,m1,op1,d1,temp,1238
ttkId10,tn,hosur,p1,l1,m1,op1,d1,temp,1239
ttkId10,tn,hosur,p1,l1,m1,op1,d1,temp,1240
ttkId10,tn,hosur,p1,l1,m1,op1,d1,temp,1241
ttkId10,tn,hosur,p1,l1,m1,op1,d1,temp,1242
ttkId10,tn,hosur,p1,l1,m1,op1,d1,temp,1243
ttkId10,tn,hosur,p1,l1,m1,op1,d1,temp,1244
ttkId10,tn,hosur,p1,l1,m1,op1,d1,temp,1245
ttkId10,tn,hosur,p1,l1,m1,op1,d1,temp,1246
ttkId10,tn,hosur,p1,l1,m1,op1,d1,temp,1247
ttkId10,tn,hosur,p1,l1,m1,op1,d1,temp,1248
ttkId10,tn,hosur,p1,l1,m1,op1,d1,temp,1249
ttkId10,tn,hosur,p1,l1,m1,op1,d1,temp,1250
ttkId10,tn,hosur,p1,l1,m1,op1,d1,temp,1251
ttkId10,tn,hosur,p1,l1,m1,op1,d1,temp,1252
ttkId10,tn,hosur,p1,l1,m1,op1,d1,temp,1253
ttkId10,tn,hosur,p1,l1,m1,op1,d1,temp,1254
ttkId10,tn,hosur,p1,l1,m1,op1,d1,temp,1255
ttkId10,tn,hosur,p1,l1,m1,op1,d1,temp,1256
ttkId10,tn,hosur,p1,l1,m1,op1,d1,temp,1257
ttkId10,tn,hosur,p1,l1,m1,op1,d1,temp,1258
ttkId10,tn,hosur,p1,l1,m1,op1,d1,temp,1259
ttkId10,tn,hosur,p1,l1,m1,op1,d1,temp,1260
ttkId10,tn,hosur,p1,l1,m1,op1,d1,temp,1261
ttkId10,tn,hosur,p1,l1,m1,op1,d1,temp,1262
ttkId10,tn,hosur,p1,l1,m1,op1,d1,temp,1263
ttkId10,tn,hosur,p1,l1,m1,op1,d1,temp,1264
ttkId10,tn,hosur,p1,l1,m1,op1,d1,temp,1265
ttkId10,tn,hosur,p1,l1,m1,op1,d1,temp,1266
ttkId10,tn,hosur,p1,l1,m1,op1,d1,temp,1267
ttkId10,tn,hosur,p1,l1,m1,op1,d1,temp,1268
ttkId10,tn,hosur,p1,l1,m1,op1,d1,temp,1269
ttkId10,tn,hosur,p1,l1,m1,op1,d1,temp,1270
ttkId10,tn,hosur,p1,l1,m1,op1,d1,temp,1271
ttkId10,tn,hosur,p1,l1,m1,op1,d1,temp,1272
ttkId10,tn,hosur,p1,l1,m1,op1,d1,temp,1273
ttkId10,tn,hosur,p1,l1,m1,op1,d1,temp,1274
ttkId10,tn,hosur,p1,l1,m1,op1,d1,temp,1275
ttkId10,tn,hosur,p1,l1,m1,op1,d1,temp,1276
ttkId10,tn,hosur,p1,l1,m1,op1,d1,temp,1277
ttkId10,tn,hosur,p1,l1,m1,op1,d1,temp,1278
ttkId10,tn,hosur,p1,l1,m1,op1,d1,temp,1279
ttkId10,tn,hosur,p1,l1,m1,op1,d1,temp,1280
ttkId10,tn,hosur,p1,l1,m1,op1,d1,temp,1281
ttkId10,tn,hosur,p1,l1,m1,op1,d1,temp,1282
ttkId10,tn,hosur,p1,l1,m1,op1,d1,temp,1283
ttkId10,tn,hosur,p1,l1,m1,op1,d1,temp,1284
ttkId10,tn,hosur,p1,l1,m1,op1,d1,temp,1285
ttkId10,tn,hosur,p1,l1,m1,op1,d1,temp,1286
ttkId10,tn,hosur,p1,l1,m1,op1,d1,temp,1287
ttkId10,tn,hosur,p1,l1,m1,op1,d1,temp,1288
ttkId10,tn,hosur,p1,l1,m1,op1,d1,temp,1289
ttkId10,tn,hosur,p1,l1,m1,op1,d1,temp,1290
ttkId10,tn,hosur,p1,l1,m1,op1,d1,temp,1291
ttkId10,tn,hosur,p1,l1,m1,op1,d1,temp,1292
ttkId10,tn,hosur,p1,l1,m1,op1,d1,temp,1293
ttkId10,tn,hosur,p1,l1,m1,op1,d1,temp,1294
ttkId10,tn,hosur,p1,l1,m1,op1,d1,temp,1295
ttkId10,tn,hosur,p1,l1,m1,op1,d1,temp,1296
ttkId10,tn,hosur,p1,l1,m1,op1,d1,temp,1297
ttkId10,tn,hosur,p1,l1,m1,op1,d1,temp,1298
ttkId10,tn,hosur,p1,l1,m1,op1,d1,temp,1299
ttkId10,tn,hosur,p1,l1,m1,op1,d1,temp,1300
ttkId10,tn,hosur,p1,l1,m1,op1,d1,temp,1301
ttkId10,tn,hosur,p1,l1,m1,op1,d1,temp,1302
ttkId10,tn,hosur,p1,l1,m1,op1,d1,temp,1303
ttkId10,tn,hosur,p1,l1,m1,op1,d1,temp,1304
ttkId10,tn,hosur,p1,l1,m1,op1,d1,temp,1305
ttkId10,tn,hosur,p1,l1,m1,op1,d1,temp,1306
ttkId10,tn,hosur,p1,l1,m1,op1,d1,temp,1307
ttkId10,tn,hosur,p1,l1,m1,op1,d1,temp,1308
ttkId10,tn,hosur,p1,l1,m1,op1,d1,temp,1309
ttkId10,tn,hosur,p1,l1,m1,op1,d1,temp,1310
ttkId10,tn,hosur,p1,l1,m1,op1,d1,temp,1311
ttkId10,tn,hosur,p1,l1,m1,op1,d1,temp,1312
ttkId10,tn,hosur,p1,l1,m1,op1,d1,temp,1313
ttkId10,tn,hosur,p1,l1,m1,op1,d1,temp,1314
ttkId10,tn,hosur,p1,l1,m1,op1,d1,temp,1315
ttkId10,tn,hosur,p1,l1,m1,op1,d1,temp,1316
ttkId10,tn,hosur,p1,l1,m1,op1,d1,temp,1317
ttkId10,tn,hosur,p1,l1,m1,op1,d1,temp,1318
ttkId10,tn,hosur,p1,l1,m1,op1,d1,temp,1319
ttkId10,tn,hosur,p1,l1,m1,op1,d1,temp,1320
ttkId10,tn,hosur,p1,l1,m1,op1,d1,temp,1321
ttkId10,tn,hosur,p1,l1,m1,op1,d1,temp,1322
ttkId10,tn,hosur,p1,l1,m1,op1,d1,temp,1323
ttkId10,tn,hosur,p1,l1,m1,op1,d1,temp,1324
ttkId10,tn,hosur,p1,l1,m1,op1,d1,temp,1325
ttkId10,tn,hosur,p1,l1,m1,op1,d1,temp,1326
ttkId10,tn,hosur,p1,l1,m1,op1,d1,temp,1327
ttkId10,tn,hosur,p1,l1,m1,op1,d1,temp,1328
ttkId10,tn,hosur,p1,l1,m1,op1,d1,temp,1329
ttkId10,tn,hosur,p1,l1,m1,op1,d1,temp,1330
ttkId10,tn,hosur,p1,l1,m1,op1,d1,temp,1331
ttkId10,tn,hosur,p1,l1,m1,op1,d1,temp,1332
ttkId10,tn,hosur,p1,l1,m1,op1,d1,temp,1333
ttkId10,tn,hosur,p1,l1,m1,op1,d1,temp,1334
ttkId10,tn,hosur,p1,l1,m1,op1,d1,temp,1335
ttkId10,tn,hosur,p1,l1,m1,op1,d1,temp,1336
ttkId10,tn,hosur,p1,l1,m1,op1,d1,temp,1337
ttkId10,tn,hosur,p1,l1,m1,op1,d1,temp,1338
ttkId10,tn,hosur,p1,l1,m1,op1,d1,temp,1339
ttkId10,tn,hosur,p1,l1,m1,op1,d1,temp,1340
ttkId10,tn,hosur,p1,l1,m1,op1,d1,temp,1341
ttkId10,tn,hosur,p1,l1,m1,op1,d1,temp,1342
ttkId10,tn,hosur,p1,l1,m1,op1,d1,temp,1343
ttkId10,tn,hosur,p1,l1,m1,op1,d1,temp,1344
ttkId10,tn,hosur,p1,l1,m1,op1,d1,temp,1345
ttkId10,tn,hosur,p1,l1,m1,op1,d1,temp,1346
ttkId10,tn,hosur,p1,l1,m1,op1,d1,temp,1347
ttkId10,tn,hosur,p1,l1,m1,op1,d1,temp,1348
ttkId10,tn,hosur,p1,l1,m1,op1,d1,temp,1349
ttkId10,tn,hosur,p1,l1,m1,op1,d1,temp,1350
ttkId10,tn,hosur,p1,l1,m1,op1,d1,temp,1351
ttkId10,tn,hosur,p1,l1,m1,op1,d1,temp,1352
ttkId10,tn,hosur,p1,l1,m1,op1,d1,temp,1353
ttkId10,tn,hosur,p1,l1,m1,op1,d1,temp,1354
ttkId10,tn,hosur,p1,l1,m1,op1,d1,temp,1355
ttkId10,tn,hosur,p1,l1,m1,op1,d1,temp,1356
ttkId10,tn,hosur,p1,l1,m1,op1,d1,temp,1357
ttkId10,tn,hosur,p1,l1,m1,op1,d1,temp,1358
ttkId10,tn,hosur,p1,l1,m1,op1,d1,temp,1359
ttkId10,tn,hosur,p1,l1,m1,op1,d1,temp,1360
ttkId10,tn,hosur,p1,l1,m1,op1,d1,temp,1361
ttkId10,tn,hosur,p1,l1,m1,op1,d1,temp,1362
ttkId10,tn,hosur,p1,l1,m1,op1,d1,temp,1363
ttkId10,tn,hosur,p1,l1,m1,op1,d1,temp,1364
ttkId10,tn,hosur,p1,l1,m1,op1,d1,temp,1365
ttkId10,tn,hosur,p1,l1,m1,op1,d1,temp,1366
ttkId10,tn,hosur,p1,l1,m1,op1,d1,temp,1367
ttkId10,tn,hosur,p1,l1,m1,op1,d1,temp,1368
ttkId10,tn,hosur,p1,l1,m1,op1,d1,temp,1369
ttkId10,tn,hosur,p1,l1,m1,op1,d1,temp,1370
ttkId10,tn,hosur,p1,l1,m1,op1,d1,temp,1371
ttkId10,tn,hosur,p1,l1,m1,op1,d1,temp,1372
ttkId10,tn,hosur,p1,l1,m1,op1,d1,temp,1373
ttkId10,tn,hosur,p1,l1,m1,op1,d1,temp,1374
ttkId10,tn,hosur,p1,l1,m1,op1,d1,temp,1375
ttkId10,tn,hosur,p1,l1,m1,op1,d1,temp,1376
ttkId10,tn,hosur,p1,l1,m1,op1,d1,temp,1377
ttkId10,tn,hosur,p1,l1,m1,op1,d1,temp,1378
ttkId10,tn,hosur,p1,l1,m1,op1,d1,temp,1379
ttkId10,tn,hosur,p1,l1,m1,op1,d1,temp,1380
ttkId10,tn,hosur,p1,l1,m1,op1,d1,temp,1381
ttkId10,tn,hosur,p1,l1,m1,op1,d1,temp,1382
ttkId10,tn,hosur,p1,l1,m1,op1,d1,temp,1383
ttkId10,tn,hosur,p1,l1,m1,op1,d1,temp,1384
ttkId10,tn,hosur,p1,l1,m1,op1,d1,temp,1385
ttkId10,tn,hosur,p1,l1,m1,op1,d1,temp,1386
ttkId10,tn,hosur,p1,l1,m1,op1,d1,temp,1387
ttkId10,tn,hosur,p1,l1,m1,op1,d1,temp,1388
ttkId10,tn,hosur,p1,l1,m1,op1,d1,temp,1389
ttkId10,tn,hosur,p1,l1,m1,op1,d1,temp,1390
ttkId10,tn,hosur,p1,l1,m1,op1,d1,temp,1391
ttkId10,tn,hosur,p1,l1,m1,op1,d1,temp,1392
ttkId10,tn,hosur,p1,l1,m1,op1,d1,temp,1393
ttkId10,tn,hosur,p1,l1,m1,op1,d1,temp,1394
ttkId10,tn,hosur,p1,l1,m1,op1,d1,temp,1395
ttkId10,tn,hosur,p1,l1,m1,op1,d1,temp,1396
ttkId10,tn,hosur,p1,l1,m1,op1,d1,temp,1397
ttkId10,tn,hosur,p1,l1,m1,op1,d1,temp,1398
ttkId10,tn,hosur,p1,l1,m1,op1,d1,temp,1399
ttkId10,tn,hosur,p1,l1,m1,op1,d1,temp,1400
ttkId10,tn,hosur,p1,l1,m1,op1,d1,temp,1401
ttkId10,tn,hosur,p1,l1,m1,op1,d1,temp,1402
ttkId10,tn,hosur,p1,l1,m1,op1,d1,temp,1403
ttkId10,tn,hosur,p1,l1,m1,op1,d1,temp,1404
ttkId10,tn,hosur,p1,l1,m1,op1,d1,temp,1405
ttkId10,tn,hosur,p1,l1,m1,op1,d1,temp,1406
ttkId10,tn,hosur,p1,l1,m1,op1,d1,temp,1407
ttkId10,tn,hosur,p1,l1,m1,op1,d1,temp,1408
ttkId10,tn,hosur,p1,l1,m1,op1,d1,temp,1409
ttkId10,tn,hosur,p1,l1,m1,op1,d1,temp,1410
ttkId10,tn,hosur,p1,l1,m1,op1,d1,temp,1411
ttkId10,tn,hosur,p1,l1,m1,op1,d1,temp,1412
ttkId10,tn,hosur,p1,l1,m1,op1,d1,temp,1413
ttkId10,tn,hosur,p1,l1,m1,op1,d1,temp,1414
ttkId10,tn,hosur,p1,l1,m1,op1,d1,temp,1415
ttkId10,tn,hosur,p1,l1,m1,op1,d1,temp,1416
ttkId10,tn,hosur,p1,l1,m1,op1,d1,temp,1417
ttkId10,tn,hosur,p1,l1,m1,op1,d1,temp,1418
ttkId10,tn,hosur,p1,l1,m1,op1,d1,temp,1419
ttkId10,tn,hosur,p1,l1,m1,op1,d1,temp,1420
ttkId10,tn,hosur,p1,l1,m1,op1,d1,temp,1421
ttkId10,tn,hosur,p1,l1,m1,op1,d1,temp,1422
ttkId10,tn,hosur,p1,l1,m1,op1,d1,temp,1423
ttkId10,tn,hosur,p1,l1,m1,op1,d1,temp,1424
ttkId10,tn,hosur,p1,l1,m1,op1,d1,temp,1425
ttkId10,tn,hosur,p1,l1,m1,op1,d1,temp,1426
ttkId10,tn,hosur,p1,l1,m1,op1,d1,temp,1427
ttkId10,tn,hosur,p1,l1,m1,op1,d1,temp,1428
ttkId10,tn,hosur,p1,l1,m1,op1,d1,temp,1429
ttkId10,tn,hosur,p1,l1,m1,op1,d1,temp,1430
ttkId10,tn,hosur,p1,l1,m1,op1,d1,temp,1431
ttkId10,tn,hosur,p1,l1,m1,op1,d1,temp,1432
ttkId10,tn,hosur,p1,l1,m1,op1,d1,temp,1433
ttkId10,tn,hosur,p1,l1,m1,op1,d1,temp,1434
ttkId10,tn,hosur,p1,l1,m1,op1,d1,temp,1435
ttkId10,tn,hosur,p1,l1,m1,op1,d1,temp,1436
ttkId10,tn,hosur,p1,l1,m1,op1,d1,temp,1437
ttkId10,tn,hosur,p1,l1,m1,op1,d1,temp,1438
ttkId10,tn,hosur,p1,l1,m1,op1,d1,temp,1439
ttkId10,tn,hosur,p1,l1,m1,op1,d1,temp,1440
ttkId10,tn,hosur,p1,l1,m1,op1,d1,temp,1441
ttkId10,tn,hosur,p1,l1,m1,op1,d1,temp,1442
ttkId10,tn,hosur,p1,l1,m1,op1,d1,temp,1443
ttkId10,tn,hosur,p1,l1,m1,op1,d1,temp,1444
ttkId10,tn,hosur,p1,l1,m1,op1,d1,temp,1445
ttkId10,tn,hosur,p1,l1,m1,op1,d1,temp,1446
ttkId10,tn,hosur,p1,l1,m1,op1,d1,temp,1447
ttkId10,tn,hosur,p1,l1,m1,op1,d1,temp,1448
ttkId10,tn,hosur,p1,l1,m1,op1,d1,temp,1449
ttkId10,tn,hosur,p1,l1,m1,op1,d1,temp,1450
ttkId10,tn,hosur,p1,l1,m1,op1,d1,temp,1451
ttkId10,tn,hosur,p1,l1,m1,op1,d1,temp,1452
ttkId10,tn,hosur,p1,l1,m1,op1,d1,temp,1453
ttkId10,tn,hosur,p1,l1,m1,op1,d1,temp,1454
ttkId10,tn,hosur,p1,l1,m1,op1,d1,temp,1455
ttkId10,tn,hosur,p1,l1,m1,op1,d1,temp,1456
ttkId10,tn,hosur,p1,l1,m1,op1,d1,temp,1457
ttkId10,tn,hosur,p1,l1,m1,op1,d1,temp,1458
ttkId10,tn,hosur,p1,l1,m1,op1,d1,temp,1459
ttkId10,tn,hosur,p1,l1,m1,op1,d1,temp,1460
ttkId10,tn,hosur,p1,l1,m1,op1,d1,temp,1461
ttkId10,tn,hosur,p1,l1,m1,op1,d1,temp,1462
ttkId10,tn,hosur,p1,l1,m1,op1,d1,temp,1463
ttkId10,tn,hosur,p1,l1,m1,op1,d1,temp,1464
ttkId10,tn,hosur,p1,l1,m1,op1,d1,temp,1465
ttkId10,tn,hosur,p1,l1,m1,op1,d1,temp,1466
ttkId10,tn,hosur,p1,l1,m1,op1,d1,temp,1467
ttkId10,tn,hosur,p1,l1,m1,op1,d1,temp,1468
ttkId10,tn,hosur,p1,l1,m1,op1,d1,temp,1469
ttkId10,tn,hosur,p1,l1,m1,op1,d1,temp,1470
ttkId10,tn,hosur,p1,l1,m1,op1,d1,temp,1471
ttkId10,tn,hosur,p1,l1,m1,op1,d1,temp,1472
ttkId10,tn,hosur,p1,l1,m1,op1,d1,temp,1473
ttkId10,tn,hosur,p1,l1,m1,op1,d1,temp,1474
ttkId10,tn,hosur,p1,l1,m1,op1,d1,temp,1475
ttkId10,tn,hosur,p1,l1,m1,op1,d1,temp,1476
ttkId10,tn,hosur,p1,l1,m1,op1,d1,temp,1477
ttkId10,tn,hosur,p1,l1,m1,op1,d1,temp,1478
ttkId10,tn,hosur,p1,l1,m1,op1,d1,temp,1479
ttkId10,tn,hosur,p1,l1,m1,op1,d1,temp,1480
ttkId10,tn,hosur,p1,l1,m1,op1,d1,temp,1481
ttkId10,tn,hosur,p1,l1,m1,op1,d1,temp,1482
ttkId10,tn,hosur,p1,l1,m1,op1,d1,temp,1483
ttkId10,tn,hosur,p1,l1,m1,op1,d1,temp,1484
ttkId10,tn,hosur,p1,l1,m1,op1,d1,temp,1485
ttkId10,tn,hosur,p1,l1,m1,op1,d1,temp,1486
ttkId10,tn,hosur,p1,l1,m1,op1,d1,temp,1487
ttkId10,tn,hosur,p1,l1,m1,op1,d1,temp,1488
ttkId10,tn,hosur,p1,l1,m1,op1,d1,temp,1489
ttkId10,tn,hosur,p1,l1,m1,op1,d1,temp,1490
ttkId10,tn,hosur,p1,l1,m1,op1,d1,temp,1491
ttkId10,tn,hosur,p1,l1,m1,op1,d1,temp,1492
ttkId10,tn,hosur,p1,l1,m1,op1,d1,temp,1493
ttkId10,tn,hosur,p1,l1,m1,op1,d1,temp,1494
ttkId10,tn,hosur,p1,l1,m1,op1,d1,temp,1495
ttkId10,tn,hosur,p1,l1,m1,op1,d1,temp,1496
ttkId10,tn,hosur,p1,l1,m1,op1,d1,temp,1497
ttkId10,tn,hosur,p1,l1,m1,op1,d1,temp,1498
ttkId10,tn,hosur,p1,l1,m1,op1,d1,temp,1499
ttkId10,tn,hosur,p1,l1,m1,op1,d1,temp,1500
ttkId10,tn,hosur,p1,l1,m1,op1,d1,temp,1501
ttkId10,tn,hosur,p1,l1,m1,op1,d1,temp,1502
ttkId10,tn,hosur,p1,l1,m1,op1,d1,temp,1503
ttkId10,tn,hosur,p1,l1,m1,op1,d1,temp,1504
ttkId10,tn,hosur,p1,l1,m1,op1,d1,temp,1505
ttkId10,tn,hosur,p1,l1,m1,op1,d1,temp,1506
ttkId10,tn,hosur,p1,l1,m1,op1,d1,temp,1507
ttkId10,tn,hosur,p1,l1,m1,op1,d1,temp,1508
ttkId10,tn,hosur,p1,l1,m1,op1,d1,temp,1509
ttkId10,tn,hosur,p1,l1,m1,op1,d1,temp,1510
ttkId10,tn,hosur,p1,l1,m1,op1,d1,temp,1511
ttkId10,tn,hosur,p1,l1,m1,op1,d1,temp,1512
ttkId10,tn,hosur,p1,l1,m1,op1,d1,temp,1513
ttkId10,tn,hosur,p1,l1,m1,op1,d1,temp,1514
ttkId10,tn,hosur,p1,l1,m1,op1,d1,temp,1515
ttkId10,tn,hosur,p1,l1,m1,op1,d1,temp,1516
ttkId10,tn,hosur,p1,l1,m1,op1,d1,temp,1517
ttkId10,tn,hosur,p1,l1,m1,op1,d1,temp,1518
ttkId10,tn,hosur,p1,l1,m1,op1,d1,temp,1519
ttkId10,tn,hosur,p1,l1,m1,op1,d1,temp,1520
ttkId10,tn,hosur,p1,l1,m1,op1,d1,temp,1521
ttkId10,tn,hosur,p1,l1,m1,op1,d1,temp,1522
ttkId10,tn,hosur,p1,l1,m1,op1,d1,temp,1523
ttkId10,tn,hosur,p1,l1,m1,op1,d1,temp,1524
ttkId10,tn,hosur,p1,l1,m1,op1,d1,temp,1525
ttkId10,tn,hosur,p1,l1,m1,op1,d1,temp,1526
ttkId10,tn,hosur,p1,l1,m1,op1,d1,temp,1527
ttkId10,tn,hosur,p1,l1,m1,op1,d1,temp,1528
ttkId10,tn,hosur,p1,l1,m1,op1,d1,temp,1529
ttkId10,tn,hosur,p1,l1,m1,op1,d1,temp,1530
ttkId10,tn,hosur,p1,l1,m1,op1,d1,temp,1531
ttkId10,tn,hosur,p1,l1,m1,op1,d1,temp,1532
ttkId10,tn,hosur,p1,l1,m1,op1,d1,temp,1533
ttkId10,tn,hosur,p1,l1,m1,op1,d1,temp,1534
ttkId10,tn,hosur,p1,l1,m1,op1,d1,temp,1535
ttkId10,tn,hosur,p1,l1,m1,op1,d1,temp,1536
ttkId10,tn,hosur,p1,l1,m1,op1,d1,temp,1537
ttkId10,tn,hosur,p1,l1,m1,op1,d1,temp,1538
ttkId10,tn,hosur,p1,l1,m1,op1,d1,temp,1539
ttkId10,tn,hosur,p1,l1,m1,op1,d1,temp,1540
ttkId10,tn,hosur,p1,l1,m1,op1,d1,temp,1541
ttkId10,tn,hosur,p1,l1,m1,op1,d1,temp,1542
ttkId10,tn,hosur,p1,l1,m1,op1,d1,temp,1543
ttkId10,tn,hosur,p1,l1,m1,op1,d1,temp,1544
ttkId10,tn,hosur,p1,l1,m1,op1,d1,temp,1545
ttkId10,tn,hosur,p1,l1,m1,op1,d1,temp,1546
ttkId10,tn,hosur,p1,l1,m1,op1,d1,temp,1547
ttkId10,tn,hosur,p1,l1,m1,op1,d1,temp,1548
ttkId10,tn,hosur,p1,l1,m1,op1,d1,temp,1549
ttkId10,tn,hosur,p1,l1,m1,op1,d1,temp,1550
ttkId10,tn,hosur,p1,l1,m1,op1,d1,temp,1551
ttkId10,tn,hosur,p1,l1,m1,op1,d1,temp,1552
ttkId10,tn,hosur,p1,l1,m1,op1,d1,temp,1553
ttkId10,tn,hosur,p1,l1,m1,op1,d1,temp,1554
ttkId10,tn,hosur,p1,l1,m1,op1,d1,temp,1555
ttkId10,tn,hosur,p1,l1,m1,op1,d1,temp,1556
ttkId10,tn,hosur,p1,l1,m1,op1,d1,temp,1557
ttkId10,tn,hosur,p1,l1,m1,op1,d1,temp,1558
ttkId10,tn,hosur,p1,l1,m1,op1,d1,temp,1559
ttkId10,tn,hosur,p1,l1,m1,op1,d1,temp,1560
ttkId10,tn,hosur,p1,l1,m1,op1,d1,temp,1561
103.16.69.226:60075 disconnected.
0
undefined
